********************************************************************************
product = Open Liberty 25.0.0.4 (wlp-1.0.100.cl250420250407-1902)
wlp.install.dir = /opt/prj/guide-jms-intro/start/system/target/liberty/wlp/
java.home = /Library/Java/JavaVirtualMachines/jdk-17.0.11.jdk/Contents/Home
java.version = 17.0.11
java.runtime = OpenJDK Runtime Environment (17.0.11+9-adhoc.admin.jdk17u)
os = Mac OS X (12.6.1; x86_64) (en_DE)
process = 17928@mbp
Classpath = /opt/prj/guide-jms-intro/start/system/target/liberty/wlp/bin/tools/ws-server.jar
Java Library path = /Users/tanermetin/Library/Java/Extensions:/Library/Java/Extensions:/Network/Library/Java/Extensions:/System/Library/Java/Extensions:/usr/lib/java:.
********************************************************************************
[28/04/2025, 11:48:49:429 CEST] 00000001 com.ibm.ws.kernel.launch.internal.FrameworkManager           A CWWKE0001I: The server defaultServer has been launched.
[28/04/2025, 11:48:50:498 CEST] 0000001e com.ibm.ws.config.xml.internal.ServerXMLConfiguration        A CWWKG0093A: Processing configuration drop-ins resource: /opt/prj/guide-jms-intro/start/system/target/liberty/wlp/usr/servers/defaultServer/configDropins/overrides/liberty-plugin-variable-config.xml
[28/04/2025, 11:48:50:914 CEST] 00000001 com.ibm.ws.kernel.launch.internal.FrameworkManager           I CWWKE0002I: The kernel started after 2,545 seconds
[28/04/2025, 11:48:50:944 CEST] 00000027 com.ibm.ws.kernel.feature.internal.FeatureManager            I CWWKF0007I: Feature update started.
[28/04/2025, 11:48:51:495 CEST] 0000001d com.ibm.ws.app.manager.internal.monitor.DropinMonitor        A CWWKZ0058I: Monitoring dropins for applications.
[28/04/2025, 11:48:52:292 CEST] 0000001c org.jboss.weld.Version                                       I WELD-000900: 5.1.1 (SP2)
[28/04/2025, 11:48:53:479 CEST] 0000002d com.ibm.ws.app.manager.AppMessageHelper                      I CWWKZ0018I: Starting application guide-jms-intro-system.
[28/04/2025, 11:48:53:481 CEST] 0000002d bm.ws.app.manager.war.internal.WARDeployedAppInfoFactoryImpl I CWWKZ0134I: The guide-jms-intro-system application is using the loose application definition at the /opt/prj/guide-jms-intro/start/system/target/liberty/wlp/usr/servers/defaultServer/apps/guide-jms-intro-system.war.xml location.
[28/04/2025, 11:48:53:910 CEST] 00000029 com.ibm.ws.webcontainer.osgi.webapp.WebGroup                 I SRVE0169I: Loading Web Module: health.
[28/04/2025, 11:48:53:915 CEST] 00000029 com.ibm.ws.webcontainer                                      I SRVE0250I: Web Module health has been bound to default_host.
[28/04/2025, 11:48:53:917 CEST] 00000029 com.ibm.ws.http.internal.VirtualHostImpl                     A CWWKT0016I: Web application available (default_host): http://192.168.178.20:9082/health/
[28/04/2025, 11:48:53:967 CEST] 0000002a com.ibm.ws.session.WASSessionCore                            I SESN8501I: The session manager did not find a persistent storage location; HttpSession objects will be stored in the local application server's memory.
[28/04/2025, 11:48:54:015 CEST] 00000028 com.ibm.ws.session.WASSessionCore                            I SESN0176I: A new session context will be created for application key default_host/health
[28/04/2025, 11:48:54:037 CEST] 00000028 com.ibm.ws.util                                              I SESN0172I: The session manager is using the Java default SecureRandom implementation for session ID generation.
[28/04/2025, 11:48:54:171 CEST] 00000028 com.ibm.ws.webcontainer.servlet                              I SRVE0242I: [io.openliberty.microprofile.health.4.0.internal.jakarta] [/health] [HealthCheckReadinessServlet]: Initialization successful.
[28/04/2025, 11:48:54:174 CEST] 00000028 com.ibm.ws.webcontainer.servlet                              I SRVE0242I: [io.openliberty.microprofile.health.4.0.internal.jakarta] [/health] [HealthCheckServlet]: Initialization successful.
[28/04/2025, 11:48:54:177 CEST] 00000028 com.ibm.ws.webcontainer.servlet                              I SRVE0242I: [io.openliberty.microprofile.health.4.0.internal.jakarta] [/health] [HealthCheckStartupServlet]: Initialization successful.
[28/04/2025, 11:48:54:179 CEST] 00000028 com.ibm.ws.webcontainer.servlet                              I SRVE0242I: [io.openliberty.microprofile.health.4.0.internal.jakarta] [/health] [HealthCheckLivenessServlet]: Initialization successful.
[28/04/2025, 11:48:54:466 CEST] 0000002a com.ibm.ws.webcontainer.osgi.mbeans.PluginGenerator          I SRVE9103I: A configuration file for a web server plugin was automatically generated for this server at /opt/prj/guide-jms-intro/start/system/target/liberty/wlp/usr/servers/defaultServer/logs/state/plugin-cfg.xml.
[28/04/2025, 11:48:55:845 CEST] 0000002d com.ibm.ws.webcontainer.osgi.webapp.WebGroup                 I SRVE0169I: Loading Web Module: guide-jms-intro-system.
[28/04/2025, 11:48:55:845 CEST] 0000002d com.ibm.ws.webcontainer                                      I SRVE0250I: Web Module guide-jms-intro-system has been bound to default_host.
[28/04/2025, 11:48:55:846 CEST] 0000002d com.ibm.ws.http.internal.VirtualHostImpl                     A CWWKT0016I: Web application available (default_host): http://192.168.178.20:9082/
[28/04/2025, 11:48:55:851 CEST] 0000002c com.ibm.ws.session.WASSessionCore                            I SESN0176I: A new session context will be created for application key default_host/
[28/04/2025, 11:48:55:852 CEST] 0000002c com.ibm.ws.util                                              I SESN0172I: The session manager is using the Java default SecureRandom implementation for session ID generation.
[28/04/2025, 11:48:55:876 CEST] 0000002c com.ibm.ws.app.manager.AppMessageHelper                      A CWWKZ0001I: Application guide-jms-intro-system started in 2,395 seconds.
[28/04/2025, 11:48:55:915 CEST] 0000002d com.ibm.ws.webcontainer.osgi.mbeans.PluginGenerator          I SRVE9103I: A configuration file for a web server plugin was automatically generated for this server at /opt/prj/guide-jms-intro/start/system/target/liberty/wlp/usr/servers/defaultServer/logs/state/plugin-cfg.xml.
[28/04/2025, 11:48:56:044 CEST] 00000027 com.ibm.ws.tcpchannel.internal.TCPPort                       I CWWKO0219I: TCP Channel defaultHttpEndpoint has been started and is now listening for requests on host *  (IPv6) port 9082.
[28/04/2025, 11:48:56:054 CEST] 00000027 com.ibm.ws.kernel.feature.internal.FeatureManager            A CWWKF0012I: The server installed the following features: [cdi-4.0, connectors-2.1, enterpriseBeansLite-4.0, jndi-1.0, json-1.0, jsonb-3.0, jsonp-2.1, mdb-4.0, messaging-3.1, messagingClient-3.0, mpConfig-3.1, mpHealth-4.0].
[28/04/2025, 11:48:56:056 CEST] 00000027 com.ibm.ws.kernel.feature.internal.FeatureManager            I CWWKF0008I: Feature update completed in 5,144 seconds.
[28/04/2025, 11:48:56:057 CEST] 00000027 com.ibm.ws.kernel.feature.internal.FeatureManager            A CWWKF0011I: The defaultServer server is ready to run a smarter planet. The defaultServer server started in 7,690 seconds.
[28/04/2025, 11:56:47:606 CEST] 00000016 com.ibm.ws.kernel.launch.internal.FrameworkManager           A CWWKE0085I: The server defaultServer is stopping because the JVM is exiting.
[28/04/2025, 11:56:47:639 CEST] 0000003c com.ibm.ws.runtime.update.internal.RuntimeUpdateManagerImpl  A CWWKE1100I: Waiting for up to 30 seconds for the server to quiesce.
[28/04/2025, 11:56:47:673 CEST] 00000027 com.ibm.ws.tcpchannel.internal.TCPChannel                    I CWWKO0220I: TCP Channel defaultHttpEndpoint has stopped listening for requests on host *  (IPv6) port 9082.
[28/04/2025, 11:56:47:682 CEST] 00000027 com.ibm.ws.http.internal.VirtualHostImpl                     A CWWKT0017I: Web application removed (default_host): http://192.168.178.20:9082/health/
[28/04/2025, 11:56:47:685 CEST] 00000027 com.ibm.ws.http.internal.VirtualHostImpl                     A CWWKT0017I: Web application removed (default_host): http://192.168.178.20:9082/
[28/04/2025, 11:56:47:699 CEST] 0000003c com.ibm.ws.runtime.update.internal.RuntimeUpdateManagerImpl  I CWWKE1101I: Server quiesce complete.
[28/04/2025, 11:56:47:907 CEST] 0000002c com.ibm.ws.app.manager.AppMessageHelper                      A CWWKZ0009I: The application guide-jms-intro-system has stopped successfully.
[28/04/2025, 11:56:48:271 CEST] 00000017 com.ibm.ws.kernel.launch.internal.ServerCommandListener      A CWWKE0055I: Server shutdown requested on Monday, 28 April 2025 at 11:56. The server defaultServer is shutting down.
[28/04/2025, 11:56:51:110 CEST] 00000001 com.ibm.ws.kernel.launch.internal.FrameworkManager           A CWWKE0036I: The server defaultServer stopped after 8 minutes, 2,729 seconds.
