------Start of DE processing------ = [28/04/2025, 10:19:16:294 CEST]
Exception = java.lang.RuntimeException
Source = com.ibm.ejs.container.TimedObjectWrapper.invokeCallback
probeid = 83
Stack Dump = java.lang.RuntimeException: CWSIA0241E: An exception was received during the call to the method JmsManagedConnectionFactoryImpl.createConnection: com.ibm.websphere.sib.exception.SIResourceException: CWSIT0127E: Unable to contact the specified target messaging engines. See the linked exception for further details. Client connections were attempted to: [localhost:7277:BootstrapBasicMessaging].
	at com.ibm.ws.cdi.jms.JMSContextInjected.getInternalJMSContext(JMSContextInjected.java:161)
	at com.ibm.ws.cdi.jms.JMSContextInjected.createProducer(JMSContextInjected.java:252)
	at io.openliberty.guides.system.SystemService.sendSystemLoad(SystemService.java:69)
	at java.base/jdk.internal.reflect.NativeMethodAccessorImpl.invoke0(Native Method)
	at java.base/jdk.internal.reflect.NativeMethodAccessorImpl.invoke(NativeMethodAccessorImpl.java:77)
	at java.base/jdk.internal.reflect.DelegatingMethodAccessorImpl.invoke(DelegatingMethodAccessorImpl.java:43)
	at java.base/java.lang.reflect.Method.invoke(Method.java:568)
	at com.ibm.ejs.container.EJSContainer.invokeProceed(EJSContainer.java:4888)
	at com.ibm.ejs.container.interceptors.InvocationContextImpl.proceed(InvocationContextImpl.java:594)
	at com.ibm.ws.cdi.ejb.impl.InterceptorChain.proceed(InterceptorChain.java:121)
	at com.ibm.ws.cdi.ejb.impl.EJBCDIInterceptorWrapper.invokeInterceptors(EJBCDIInterceptorWrapper.java:133)
	at com.ibm.ws.cdi.ejb.impl.EJBCDIInterceptorWrapper.aroundTimeout(EJBCDIInterceptorWrapper.java:62)
	at java.base/jdk.internal.reflect.NativeMethodAccessorImpl.invoke0(Native Method)
	at java.base/jdk.internal.reflect.NativeMethodAccessorImpl.invoke(NativeMethodAccessorImpl.java:77)
	at java.base/jdk.internal.reflect.DelegatingMethodAccessorImpl.invoke(DelegatingMethodAccessorImpl.java:43)
	at java.base/java.lang.reflect.Method.invoke(Method.java:568)
	at com.ibm.ejs.container.interceptors.InterceptorProxy.invokeInterceptor(InterceptorProxy.java:191)
	at com.ibm.ejs.container.interceptors.InvocationContextImpl.proceed(InvocationContextImpl.java:579)
	at org.jboss.weld.module.ejb.AbstractEJBRequestScopeActivationInterceptor.aroundInvoke(AbstractEJBRequestScopeActivationInterceptor.java:81)
	at com.ibm.ws.cdi.ejb.interceptor.WeldSessionBeanInterceptorWrapper.aroundInvoke(WeldSessionBeanInterceptorWrapper.java:60)
	at java.base/jdk.internal.reflect.NativeMethodAccessorImpl.invoke0(Native Method)
	at java.base/jdk.internal.reflect.NativeMethodAccessorImpl.invoke(NativeMethodAccessorImpl.java:77)
	at java.base/jdk.internal.reflect.DelegatingMethodAccessorImpl.invoke(DelegatingMethodAccessorImpl.java:43)
	at java.base/java.lang.reflect.Method.invoke(Method.java:568)
	at com.ibm.ejs.container.interceptors.InterceptorProxy.invokeInterceptor(InterceptorProxy.java:191)
	at com.ibm.ejs.container.interceptors.InvocationContextImpl.proceed(InvocationContextImpl.java:579)
	at com.ibm.ejs.container.interceptors.InvocationContextImpl.doAroundInterceptor(InvocationContextImpl.java:300)
	at com.ibm.ejs.container.interceptors.InvocationContextImpl.doAroundInvoke(InvocationContextImpl.java:269)
	at com.ibm.ejs.container.EJSContainer.invoke(EJSContainer.java:4790)
	at com.ibm.ejs.container.TimedObjectWrapper.invokeCallback(TimedObjectWrapper.java:89)
	at com.ibm.ejs.container.TimerNpRunnable.doWork(TimerNpRunnable.java:232)
	at com.ibm.ejs.container.TimerNpRunnable.run(TimerNpRunnable.java:146)
	at com.ibm.ws.context.service.serializable.ContextualRunnable.run(ContextualRunnable.java:81)
	at java.base/java.util.concurrent.Executors$RunnableAdapter.call(Executors.java:539)
	at java.base/java.util.concurrent.FutureTask.run(FutureTask.java:264)
	at com.ibm.ws.threading.internal.ExecutorServiceImpl$RunnableWrapper.run(ExecutorServiceImpl.java:298)
	at java.base/java.util.concurrent.ThreadPoolExecutor.runWorker(ThreadPoolExecutor.java:1136)
	at java.base/java.util.concurrent.ThreadPoolExecutor$Worker.run(ThreadPoolExecutor.java:635)
	at java.base/java.lang.Thread.run(Thread.java:840)
Caused by: jakarta.jms.JMSRuntimeException: CWSIA0241E: An exception was received during the call to the method JmsManagedConnectionFactoryImpl.createConnection: com.ibm.websphere.sib.exception.SIResourceException: CWSIT0127E: Unable to contact the specified target messaging engines. See the linked exception for further details. Client connections were attempted to: [localhost:7277:BootstrapBasicMessaging].
	at java.base/jdk.internal.reflect.NativeConstructorAccessorImpl.newInstance0(Native Method)
	at java.base/jdk.internal.reflect.NativeConstructorAccessorImpl.newInstance(NativeConstructorAccessorImpl.java:77)
	at java.base/jdk.internal.reflect.DelegatingConstructorAccessorImpl.newInstance(DelegatingConstructorAccessorImpl.java:45)
	at java.base/java.lang.reflect.Constructor.newInstanceWithCaller(Constructor.java:499)
	at java.base/java.lang.reflect.Constructor.newInstance(Constructor.java:480)
	at com.ibm.ws.sib.api.jms.impl.JmsErrorUtils.getJMS2Exception(JmsErrorUtils.java:493)
	at com.ibm.ws.sib.api.jms.impl.JmsManagedConnectionFactoryImpl.createContext(JmsManagedConnectionFactoryImpl.java:740)
	at com.ibm.ws.cdi.jms.JMSContextInjected.createJMSContext(JMSContextInjected.java:86)
	at com.ibm.ws.cdi.jms.JMSContextInjected.getInternalJMSContext(JMSContextInjected.java:128)
	... 38 more
Caused by: com.ibm.websphere.sib.exception.SIResourceException: CWSIT0127E: Unable to contact the specified target messaging engines. See the linked exception for further details. Client connections were attempted to: [localhost:7277:BootstrapBasicMessaging]
	at com.ibm.ws.sib.trm.client.TrmSICoreConnectionFactoryImpl.generateException(TrmSICoreConnectionFactoryImpl.java:510)
	at com.ibm.ws.sib.trm.client.TrmSICoreConnectionFactoryImpl.remoteBootstrap(TrmSICoreConnectionFactoryImpl.java:331)
	at com.ibm.ws.sib.trm.client.TrmSICoreConnectionFactoryImpl.createConnection(TrmSICoreConnectionFactoryImpl.java:164)
	at com.ibm.ws.sib.trm.client.TrmSICoreConnectionFactoryImpl.createConnection(TrmSICoreConnectionFactoryImpl.java:109)
	at com.ibm.ws.sib.api.jmsra.impl.JmsJcaManagedConnectionFactoryImpl.createManagedConnection(JmsJcaManagedConnectionFactoryImpl.java:382)
	at com.ibm.ejs.j2c.FreePool.createManagedConnectionWithMCWrapper(FreePool.java:1389)
	at com.ibm.ejs.j2c.FreePool.createOrWaitForConnection(FreePool.java:1263)
	at com.ibm.ejs.j2c.PoolManager.reserve(PoolManager.java:1471)
	at com.ibm.ejs.j2c.ConnectionManager.allocateMCWrapper(ConnectionManager.java:576)
	at com.ibm.ejs.j2c.ConnectionManager.allocateConnection(ConnectionManager.java:308)
	at com.ibm.ws.sib.api.jmsra.impl.JmsJcaConnectionFactoryImpl.createConnection(JmsJcaConnectionFactoryImpl.java:223)
	at com.ibm.ws.sib.api.jms.impl.JmsManagedConnectionFactoryImpl.createConnection(JmsManagedConnectionFactoryImpl.java:110)
	at com.ibm.ws.sib.api.jms.impl.JmsManagedConnectionFactoryImpl.createContext(JmsManagedConnectionFactoryImpl.java:735)
	... 40 more
Caused by: com.ibm.websphere.sib.exception.SIResourceException: CWSIT0131W: Unable to connect to the target messaging engine at localhost:7277:BootstrapBasicMessaging because of the exception: com.ibm.websphere.sib.exception.SIResourceException: CWSIC1001E: A client attempted to connect with a remote messaging engine but the connection cannot be completed. Ensure the messaging engine is started: exception com.ibm.ws.sib.jfapchannel.JFapConnectFailedException: CWSIJ0063E: A network connection to host name localhost/127.0.0.1, port 7.277 cannot be established..
	at com.ibm.ws.sib.trm.client.TrmSICoreConnectionFactoryImpl.contactBootstrapService(TrmSICoreConnectionFactoryImpl.java:448)
	at com.ibm.ws.sib.trm.client.TrmSICoreConnectionFactoryImpl.remoteBootstrap(TrmSICoreConnectionFactoryImpl.java:279)
	... 51 more
Caused by: com.ibm.websphere.sib.exception.SIResourceException: CWSIC1001E: A client attempted to connect with a remote messaging engine but the connection cannot be completed. Ensure the messaging engine is started: exception com.ibm.ws.sib.jfapchannel.JFapConnectFailedException: CWSIJ0063E: A network connection to host name localhost/127.0.0.1, port 7.277 cannot be established..
	at com.ibm.ws.sib.comms.client.ClientSideConnection.connect(ClientSideConnection.java:287)
	at com.ibm.ws.sib.trm.client.TrmSICoreConnectionFactoryImpl.contactBootstrapService(TrmSICoreConnectionFactoryImpl.java:379)
	... 52 more
Caused by: com.ibm.ws.sib.jfapchannel.JFapConnectFailedException: CWSIJ0063E: A network connection to host name localhost/127.0.0.1, port 7.277 cannot be established.
	at com.ibm.ws.sib.jfapchannel.impl.octracker.ConnectionDataGroup.connectOverNetwork(ConnectionDataGroup.java:802)
	at com.ibm.ws.sib.jfapchannel.impl.octracker.ConnectionDataGroup.doConnect(ConnectionDataGroup.java:704)
	at com.ibm.ws.sib.jfapchannel.impl.octracker.ConnectionDataGroup.connect(ConnectionDataGroup.java:632)
	at com.ibm.ws.sib.jfapchannel.impl.octracker.OutboundConnectionTracker.connect(OutboundConnectionTracker.java:598)
	at com.ibm.ws.sib.jfapchannel.impl.ClientConnectionManagerImpl.connect(ClientConnectionManagerImpl.java:97)
	at com.ibm.ws.sib.comms.client.ClientSideConnection.connect(ClientSideConnection.java:165)
	... 53 more
Caused by: java.net.ConnectException: Connection refused
	at java.base/sun.nio.ch.Net.pollConnect(Native Method)
	at java.base/sun.nio.ch.Net.pollConnectNow(Net.java:672)
	at java.base/sun.nio.ch.SocketChannelImpl.finishConnect(SocketChannelImpl.java:946)
	at com.ibm.ws.tcpchannel.internal.WorkQueueManager.attemptConnectWork(WorkQueueManager.java:857)
	at com.ibm.ws.tcpchannel.internal.WorkQueueManager.workerRun(WorkQueueManager.java:1007)
	at com.ibm.ws.tcpchannel.internal.WorkQueueManager$Worker.run(WorkQueueManager.java:1061)
	... 4 more

Dump of callerThis
Object type = com.ibm.ejs.container.TimedObjectWrapper
  tc = class com.ibm.websphere.ras.TraceComponent@4b9fe515
    strings[0] = "TraceComponent[com.ibm.ejs.container.TimedObjectWrapper,class com.ibm.ejs.container.TimedObjectWrapper,[EJBContainer],com.ibm.ejs.container.container,null]"
  CLASS_NAME = "com.ibm.ejs.container.TimedObjectWrapper"
  container = class com.ibm.ejs.container.EJSContainer@51ab1a7d
  beanId = class com.ibm.ejs.container.BeanId@3aef5203
    tc = class com.ibm.websphere.ras.TraceComponent@791c0f6
      strings[0] = "TraceComponent[com.ibm.ejs.container.BeanId,class com.ibm.ejs.container.BeanId,[EJBContainer],com.ibm.ejs.container.container,null]"
    CLASS_NAME = "com.ibm.ejs.container.BeanId"
    _isHome = false
    pkey = null
    j2eeName = class com.ibm.ws.container.service.metadata.internal.J2EENameImpl@7dfe9428
    byteArray = class com.ibm.ejs.container.util.ByteArray@6924d05
      beanId = null
      CLASS_NAME = "com.ibm.ejs.container.util.ByteArray"
      data = {-84,-84,0,2,0,1,5,63,0,0,0,103,117,105,100,101,45,106,109,115,45,105,110,116,114,111,45,115,121,115,116,101,109,35,103,117,105,100,101,45,106,109,115,45,105,110,116,114,111,45,115,121,115,116,101,109,46,119,97,114,35,83,121,115,116,101,109,83,101,114,118,105,99,101} /* array length = 74 */
      hashcode = -8432530910025924787
      hashcode32 = -1580165529
      HEX_CHARS = {0123456789abcdef} /* array length = 16 */
      initial_hash = -2223765811167872118
      mix_primary = {4933139351476610159,5005341462544428057,-1453159914355205806,8281325462521708801,4607748714844293732,-3764111934339875086,8320409100192189548,8420247983362759768,-7597847052445934233,-3173910141822783079,-7688989699042292238,3429396389939155751,-5062430034552481777,-5823362867119656213,-8801844128422882523,-5052715516771863111,-870733797230659614,-362319592869525219,4788732200433335801,4548830613927191315,7544806401538812819,7586374831082653871,-1239807311421564983,-1025074758523306758,-6461364975704083531,4980358060886603154,4930714604177104463,2056556441885503234,6415600006540841207,5752606625249102471,-6901047628927138211,4380804002232388461,2136177531279569616,-349124148475530926,5812918152301571081,2653996859211630983,-8964669850071968930,-4437664257013106290,-4451793919529815848,-6106447162657623665,-2784513668583920662,-8414094705339005679,-2207660270505147217,6507182462343745303,3998020595653193692,-4905660070025874796,8975096142356144569,-5041136955134566960,6326461847893020390,-8334182183764239684,8556220744479549098,5952375207892112881,-7978188702101473111,3429112276528980994,-1988898937000646866,2486915316353720383,2757556857947252991,-8035426787455266998,-5909132100679174360,-6318099829270576077,3275413890805227550,8566783651680167794,-8052141503744051402,6010845682144071745,-8304400873715963628,-5908078436425678820,2008553160573808559,-2819166021021999412,5382424027072043613,4009717960598662055,1847990988848319135,1553736051808583315,859749159554435887,7617586268418296496,1137154929561829007,5852822296314685177,-4508192713666290713,-5301006392906118754,1288351301968457687,-8732661820775296997,3743401301997395901,-2419474111827280115,7681208082025123430,3296754401383622098,-7619743871140571789,-5444468319237031174,-1826393263972127734,7226290837104890605,-5114545287089190416,-864060354928875654,-8684023854450108313,-5194241922878987455,-4591192147793544772,1234006919577364415,-3936336625490884591,-6593724713396498301,2779431284120425192,6701924018397514024,-8377286492131653356,-3036688545137929654,3532479440175035477,-2486020288450892679,2250253404502830513,-2809438569251519750,4756054313855198704,1049792658466837024,6008045257375748577,-6694551306109829524,1436162486427990919,1953260999445835298,-9096306926072925342,-4447170959021479724,2281765276900129197,7018045439268088125,3530326859556441572,8928500367007969872,-7548504910768415306,8491174918848727063,2725427544642412950,-1846557650567198975,7692844570254237316,-2329275471928509258,-6598670108873750485,7286879004720242648,1262623724617059856,-244363932095942076,724052077250196479,7172078234317036693,6811892593491539548,-1152819477767237299,5138119163643488320,3665390357066136642,3191793013164901058,-3685846739734149158,3982065459219965474,4822562617140336199,-7365836214641480259,3271367842686489154,8724038983453203841,-5457652260866279808,-7732217390738789556,6693059324359418400,-1682134157496827727,2418769104580471956,8879551251272072751,-4997356740189703104,-9071099120143888272,-680892989853392074,1739587042988643069,3373404624189000959,5680319921195915068,-200507342791498747,-9024929211895825182,-5932255459591969881,6490413647370805508,-1547832658927226783,5735044581415517929,-7479951246403808438,5523990179621710356,218706823903385161,7226912064490112629,-6484667915835023296,3807960521479491588,-6480648837128221188,-4423332479301058453,-4129662350876414705,-3595141808378884930,-418947722213327333,-2844517618114579613,232829063699966274,8466137507511586716,-1118264937587278139,1543018742721807459,-417715424100470517,7978015287561484139,1544841464337700354,2730772503959541077,6769471625959199573,2547724611065914717,-1940936672524046959,5025251617293336350,7320004681537167149,-3912074961302627416,7320690559666328252,5383105008300071328,-174245335696147700,-3487002892556502424,-7875405188139200998,-4846224533375351692,-8233369710693908789,-2513185776770054861,7044164889131634069,-989536329366695740,-2653183515149969267,-6050910942263229355,-6767225479892761414,-8730286237691595927,-7012453055387909991,1133255728415756315,6499423626313885142,-8300437812355002225,9084539283118027484,-6585717722744514702,4401193149167703339,-6984141159414974299,6813307151674075053,-3736939605366610537,2230231106005033322,7182850806518785871,6609805295487548421,-6053556321550009287,-7101717864338141727,-2748614509684029005,-2214104135226745859,1458022522121146992,-6277575509698422280,-3752164500142762032,-7386173236844847452,72421085476613114,8124536607956790703,-543955773244899281,-8431654451114250658,1016600102774762451,5528967934420998822,-3124619278526463133,-2661902829300881246,4614101272245083638,7665806731349260979,-502154115469221375,-2229763030801674433,-5656627420725844516,7754751075884126842,-8397886589148919922,178266931321858041,-3426667875362162740,-894029959067713205,424720112276865871,3940003122762310991,6952877505786372216,-5316198582568905216,-3412595509278337916,4377191117302511558,5078204108498312433,-5686359500817622618,-5011364611249461122,-5411888686611253299,-3917988986397697302,3323582688409225420,-709625314233156680,4388451852439127499,5109473580125722386,-8350301363804656390,8883392537907563280,2983318135082155233,-4968080463103317282,959966860625488182} /* array length = 256 */
    home = class com.ibm.ejs.container.SessionHome@7746728
      serialVersionUID = -5599958674558718699
      tc = class com.ibm.websphere.ras.TraceComponent@12ef3aff
      CLASS_NAME = "com.ibm.ejs.container.EJSHome"
      ivCMDAccessor = class com.ibm.ws.threadContext.ComponentMetaDataAccessorImpl@509bb03b
      beanOFactory = class com.ibm.ejs.container.SingletonBeanOFactory@34f411c3
      container = class com.ibm.ejs.container.EJSContainer@51ab1a7d
      ivEntityHelper = null
      noLocalCopies = false
      allowPrimaryKeyMutation = false
      noPrimaryKeyMutation = false
      jndiName = null
      j2eeName = class com.ibm.ws.container.service.metadata.internal.J2EENameImpl@7dfe9428
      statelessSessionHome = false
      statefulSessionHome = false
      messageDrivenHome = false
      ivSingletonSessionHome = true
      hashValue = -1735343104
      ivHomeId = class com.ibm.ejs.container.BeanId@c1c150d
      ivHomeWrappers = null
      ivStatelessId = class com.ibm.ejs.container.BeanId@3acff9f4
      ivStatelessWrappers = null
      ivStatefulBusinessHomeWrapper = null
      enterpriseBeanClass = class java.lang.Class@bafe916
      remoteEJBObjectClass = null
      localEJBObjectClass = null
      beanMetaData = class com.ibm.ws.ejbcontainer.osgi.internal.metadata.OSGiBeanMetaData@2188b80a
      ejbMetaData = null
      environment = class java.util.Properties@317d6ae0
      activationStrategy = class com.ibm.ejs.container.activator.UncachedActivationStrategy@54864710
      pmiBean = null
      persister = null
      lockStrategy = class com.ibm.ejs.container.lock.LockStrategy@37d89cfe
      wrapperManager = class com.ibm.ejs.container.WrapperManager@5619b301
      enabled = true
      beanPool = null
      ivNumberBeansCreated = 0
      BEAN_POOL_WAIT_INTERVAL = 10000
      ivAIServiceEnabled = false
      defaultAIMethodInfo = class com.ibm.ws.ejbcontainer.osgi.internal.metadata.OSGiEJBMethodMetaDataImpl@23b6f9cf
      CachedAI_NotInitialize = 0
      CachedAI_HasMethodLevelAI = 1
      CachedAI_HasNoMethodLevelAI = -1
      cachedHasMethodLevelAI = 0
      ivCachedBeanLevelAccessIntent = null
      cvUsePortableClass = true
      ivAllowEarlyInsert = false
      homeRecord = class com.ibm.ws.ejbcontainer.osgi.internal.HomeRecordImpl@3bdca88e
      ivSingletonBeanO = class com.ibm.ejs.container.SingletonBeanO@4fee24c9
      ivCreatingSingletonBeanO = false
      ivSingletonBeanOCreateFailed = false
      ivApplicationStarted = true
      createSingletonLock = class java.util.concurrent.locks.ReentrantLock@a2b7499
    activationStrategy = class com.ibm.ejs.container.activator.UncachedActivationStrategy@54864710
      tc = class com.ibm.websphere.ras.TraceComponent@c8f7a10
      CLASS_NAME = "com.ibm.ejs.container.activator.UncachedActivationStrategy"
      cache = class com.ibm.ejs.util.cache.Cache@3f29a5f5
      locks = class com.ibm.ejs.container.util.locking.LockTable@4691c49a
      tc = class com.ibm.websphere.ras.TraceComponent@16a7fa4a
      CLASS_NAME = "com.ibm.ejs.container.activator.ActivationStrategy"
    hashValue = -1735343104
    ivFailoverKey = null
    HOME_BEAN = 0
    STATELESS_BEAN = 1
    STATEFUL_BEAN = 2
    ENTITY_BEAN = 3
    MESSAGEDRIVEN_BEAN = 4
    SINGLETON_BEAN = 5
    USES_BEAN_MANAGED_TX = 16
    MODULE_VERSION_CAPABLE = 32
    TYPE_TO_TYPE_ID_MAP = {0,0,5,1,2,3,3,4} /* array length = 8 */
    SERIALIZED_PKEY = 0
    INTEGER_PKEY = 1
    STRING_PKEY = 3
    LONG_PKEY = 4
    BYTE_ARRAY_PKEY = 8
    BEAN_TYPE_LEN = 1
    J2EE_NAME_LEN = 4
    PKEY_TYPE_LEN = 1
    header = {-84,-84,0,2,0,1} /* array length = 6 */
    HEADER_LEN = 6
    svBAOSs = class java.io.ByteArrayOutputStream[50]
      ByteArrayOutputStream[0] = class java.io.ByteArrayOutputStream@64f1bc6b
      ByteArrayOutputStream[1] = null
      ByteArrayOutputStream[2] = null
      ByteArrayOutputStream[3] = null
      ByteArrayOutputStream[4] = null
      ByteArrayOutputStream[5] = null
      ByteArrayOutputStream[6] = null
      ByteArrayOutputStream[7] = null
      ByteArrayOutputStream[8] = null
      ByteArrayOutputStream[9] = null
      ByteArrayOutputStream[10] = null
      ByteArrayOutputStream[11] = null
      ByteArrayOutputStream[12] = null
      ByteArrayOutputStream[13] = null
      ByteArrayOutputStream[14] = null
      ByteArrayOutputStream[15] = null
      ByteArrayOutputStream[16] = null
      ByteArrayOutputStream[17] = null
      ByteArrayOutputStream[18] = null
      ByteArrayOutputStream[19] = null
      ByteArrayOutputStream[20] = null
      ByteArrayOutputStream[21] = null
      ByteArrayOutputStream[22] = null
      ByteArrayOutputStream[23] = null
      ByteArrayOutputStream[24] = null
      ByteArrayOutputStream[25] = null
      ByteArrayOutputStream[26] = null
      ByteArrayOutputStream[27] = null
      ByteArrayOutputStream[28] = null
      ByteArrayOutputStream[29] = null
      ByteArrayOutputStream[30] = null
      ByteArrayOutputStream[31] = null
      ByteArrayOutputStream[32] = null
      ByteArrayOutputStream[33] = null
      ByteArrayOutputStream[34] = null
      ByteArrayOutputStream[35] = null
      ByteArrayOutputStream[36] = null
      ByteArrayOutputStream[37] = null
      ByteArrayOutputStream[38] = null
      ByteArrayOutputStream[39] = null
      ByteArrayOutputStream[40] = null
      ByteArrayOutputStream[41] = null
      ByteArrayOutputStream[42] = null
      ByteArrayOutputStream[43] = null
      ByteArrayOutputStream[44] = null
      ByteArrayOutputStream[45] = null
      ByteArrayOutputStream[46] = null
      ByteArrayOutputStream[47] = null
      ByteArrayOutputStream[48] = null
      ByteArrayOutputStream[49] = null
    svBAOSsSize = 1
  bmd = class com.ibm.ws.ejbcontainer.osgi.internal.metadata.OSGiBeanMetaData@2188b80a
    tc = class com.ibm.websphere.ras.TraceComponent@7ba60df
      strings[0] = "TraceComponent[com.ibm.ws.ejbcontainer.osgi.internal.metadata.OSGiBeanMetaData,class com.ibm.ws.ejbcontainer.osgi.internal.metadata.OSGiBeanMetaData,[EJBContainer],com.ibm.ws.ejbcontainer.osgi.internal.resources.EJBContainerMessages,null]"
    beanRuntime = class com.ibm.ws.ejbcontainer.session.internal.SessionBeanRuntimeImpl@378a8687
      serialVersionUID = -47239889424563615
      $$$tc$$$ = class com.ibm.websphere.ras.TraceComponent@4f6a852b
    systemHomeBindingName = null
    mbeanServiceReg = null
    serialVersionUID = 4571786972187397809
    tc = class com.ibm.websphere.ras.TraceComponent@5b858265
      strings[0] = "TraceComponent[com.ibm.ejs.container.BeanMetaData,class com.ibm.ejs.container.BeanMetaData,[EJBContainer],com.ibm.ejs.container.container,null]"
    svTimedObjectClass = class java.lang.Class@4d114084
      ANNOTATION = "/* Could not access ANNOTATION */"
      ENUM = "/* Could not access ENUM */"
      SYNTHETIC = "/* Could not access SYNTHETIC */"
      cachedConstructor = "/* Could not access cachedConstructor */"
      name = "/* Could not access name */"
      module = "/* Could not access module */"
      packageName = "/* Could not access packageName */"
      componentType = "/* Could not access componentType */"
      allPermDomain = "/* Could not access allPermDomain */"
      reflectionData = "/* Could not access reflectionData */"
      classRedefinedCount = "/* Could not access classRedefinedCount */"
      genericInfo = "/* Could not access genericInfo */"
      EMPTY_CLASS_ARRAY = "/* Could not access EMPTY_CLASS_ARRAY */"
      serialVersionUID = "/* Could not access serialVersionUID */"
      serialPersistentFields = "/* Could not access serialPersistentFields */"
      reflectionFactory = "/* Could not access reflectionFactory */"
      enumConstants = "/* Could not access enumConstants */"
      enumConstantDirectory = "/* Could not access enumConstantDirectory */"
      annotationData = "/* Could not access annotationData */"
      annotationType = "/* Could not access annotationType */"
      classValueMap = "/* Could not access classValueMap */"
    svTimedObjectMethod = class java.lang.reflect.Method@3e3ed615
      hasRealParameterData = "/* Could not access hasRealParameterData */"
      parameters = "/* Could not access parameters */"
      declaredAnnotations = "/* Could not access declaredAnnotations */"
    ACCESS_INTENT_READ = 0
    ACCESS_INTENT_UPDATE = 1
    ACTIVATION_POLICY_ONCE = 0
    ACTIVATION_POLICY_ACTIVITY_SESSION = 1
    ACTIVATION_POLICY_TRANSACTION = 2
    CONCURRENCY_CONTROL_PESSIMISTIC = 0
    CONCURRENCY_CONTROL_OPTIMISTIC = 1
    J2EE_EJB_VERSION_UNKNOWN = 0
    J2EE_EJB_VERSION_1_0 = 10
    J2EE_EJB_VERSION_1_1 = 11
    J2EE_EJB_VERSION_2_0 = 20
    J2EE_EJB_VERSION_2_1 = 21
    J2EE_EJB_VERSION_3_0 = 30
    J2EE_EJB_VERSION_3_1 = 31
    J2EE_EJB_VERSION_3_2 = 32
    JAVAEE_VERSION_5 = 50
    LOAD_POLICY_ACTIVATION = 0
    LOAD_POLICY_TRANSACTION = 1
    LOAD_POLICY_INTERVAL = 2
    LOAD_POLICY_DAILY = 3
    LOAD_POLICY_WEEKLY = 4
    LOCAL_TX_UNRESOLVED_ACTION_ROLLBACK = 0
    LOCAL_TX_UNRESOLVED_ACTION_COMMIT = 1
    METHOD_TYPE_UNSPECIFIED = 0
    METHOD_TYPE_REMOTE = 1
    METHOD_TYPE_REMOTE_HOME = 2
    METHOD_TYPE_LOCAL = 3
    METHOD_TYPE_LOCAL_HOME = 4
    METHOD_TYPE_SERVICE_ENDPOINT = 5
    PERSISTENCE_BEAN_MANAGED = 0
    PERSISTENCE_CONTAINER_MANAGED = 1
    PIN_POLICY_ACTIVATION_PERIOD = 0
    PIN_POLICY_ACTIVITY_SESSION = 1
    PIN_POLICY_TRANSACTION = 2
    PIN_POLICY_BUSINESS_METHOD = 3
    TX_ATTRIBUTE_TYPE_NOT_SUPPORTED = 0
    TX_ATTRIBUTE_TYPE_SUPPORTS = 1
    TX_ATTRIBUTE_TYPE_REQUIRED = 2
    TX_ATTRIBUTE_TYPE_REQUIRES_NEW = 3
    TX_ATTRIBUTE_TYPE_MANDATORY = 4
    TX_ATTRIBUTE_TYPE_NEVER = 5
    TX_ATTRIBUTE_TYPE_BEAN_MANAGED = 6
    TX_BEAN_MANAGED = 0
    TX_CONTAINER_MANAGED = 1
    TX_ISOLATION_LEVEL_REPEATABLE_READ = 0
    TX_ISOLATION_LEVEL_READ_COMMITTED = 1
    TX_ISOLATION_LEVEL_READ_UNCOMMITTED = 2
    TX_ISOLATION_LEVEL_SERIALIZABLE = 3
    ivInitData = null
    _javaNameSpaceContext = null
    _moduleMetaData = class com.ibm.ws.ejbcontainer.osgi.internal.metadata.OSGiEJBModuleMetaDataImpl@60b77ccb
      systemModule = false
      ivContextClassLoader = class com.ibm.ws.classloading.internal.ThreadContextClassLoader@1bb29811
      mbeanServiceReg = null
      systemModuleNameSpaceBinder = null
      serialVersionUID = -2264868099501073120
      $$$tc$$$ = class com.ibm.websphere.ras.TraceComponent@7326d852
      tc = class com.ibm.websphere.ras.TraceComponent@38a52057
      isJakarta = true
      RMIC_COMPATIBLE_ALL = -1
      ivInitData = null
      ivName = "guide-jms-intro-system.war"
      ivLogicalName = "guide-jms-intro-system"
      ivAppName = "guide-jms-intro-system"
      ivJ2EEName = class com.ibm.ws.container.service.metadata.internal.J2EENameImpl@490362d4
      ivModuleVersion = 30
      ivEJBApplicationMetaData = class com.ibm.ws.ejbcontainer.osgi.internal.metadata.OSGiEJBApplicationMetaData@51bb1b56
      ivSfsbFailover = false
      ivFailoverInstanceId = null
      ivPMModuleCookie = null
      ivMetadataComplete = false
      ivReadWCCMInterceptors = false
      ivApplicationExceptionMap = null
      ivInterceptorsMap = null
      ivInterceptorBindingMap = null
      ivCurrentBackendId = null
      ivDefaultCmpConnectionFactory = null
      ivDefaultDataSource = null
      ivDefaultDataSourceUser = null
      ivDefaultDataSourcePassword = null
      ivInterceptorMap = null
      ivMBeanRegistered = false
      ivMessageDestinationBindingMap = class java.util.HashMap@25e09dec
      ivMetaDataDestroyRequired = true
      ivUseExtendedSetRollbackOnlyBehavior = true
      ivAutomaticTimerBeans = null
      ivHasNonPersistentAutomaticTimers = true
      ivHasPersistentAutomaticTimers = false
      ivBeanMetaDatas = class java.util.LinkedHashMap@2bee4865
      ivNumFullyInitializedBeans = 1
      ivApplicationEventListeners = null
      ivStopping = false
      ivEJBInWAR = true
      ivManagedBeansInClient = false
      ivManagedBeansOnly = false
      ivJCDIHelper = class com.ibm.ws.ejbcontainer.osgi.internal.EJBRuntimeImpl$1@79a99a0e
      ivVersionedAppBaseName = null
      ivVersionedModuleBaseName = null
      ivAllowsCachedTimerData = false
      tc = class com.ibm.websphere.ras.TraceComponent@7a13d93d
      NUM_STATIC_SLOTS = 4
      ID_UNINITIALIZED = -1
      id = 2
      metaDataInterface = class java.lang.Class@76256cda
      staticSlots = class java.lang.Object[4]
      dynamicSlots = class java.lang.Object[4]
    _resourceRefList = class com.ibm.ws.resource.internal.ResourceRefConfigListImpl@3e1b0647
      ivList = class java.util.ArrayList@725083ee
      ivMap = class java.util.HashMap@2f49685b
      serialVersionUID = 5502773099641523293
      $$$tc$$$ = class com.ibm.websphere.ras.TraceComponent@5884c3d0
    _localTran = class com.ibm.ws.ejbcontainer.osgi.internal.metadata.LocalTranConfigDataImpl@28b3718b
      tc = class com.ibm.websphere.ras.TraceComponent@13f8bd56
      serialVersionUID = 23556146111571409
      tc = class com.ibm.websphere.ras.TraceComponent@57d4bc4d
      boundary = 0
      resolver = 0
      unresolvedAction = 0
      isShareable = false
    _globalTran = class com.ibm.ws.ejbcontainer.osgi.internal.metadata.GlobalTranConfigDataImpl@35b862f4
      tc = class com.ibm.websphere.ras.TraceComponent@5da5a1b3
      serialVersionUID = -269778837180775034
      tc = class com.ibm.websphere.ras.TraceComponent@1db8115b
      timeout = 0
      isSendWSAT = false
    j2eeName = class com.ibm.ws.container.service.metadata.internal.J2EENameImpl@7dfe9428
      serialVersionUID = 7488184044073147667
      application = "guide-jms-intro-system"
      module = "guide-jms-intro-system.war"
      component = "SystemService"
      string = "guide-jms-intro-system#guide-jms-intro-system.war#SystemService"
      j2eeNameBytes = {103,117,105,100,101,45,106,109,115,45,105,110,116,114,111,45,115,121,115,116,101,109,35,103,117,105,100,101,45,106,109,115,45,105,110,116,114,111,45,115,121,115,116,101,109,46,119,97,114,35,83,121,115,116,101,109,83,101,114,118,105,99,101} /* array length = 63 */
      $$$tc$$$ = class com.ibm.websphere.ras.TraceComponent@63088a12
    ivUnversionedJ2eeName = null
    type = 2
    ivDependsOn = null
    entityRemoteNoTxAttrMethods = class java.lang.String[4]
      String[0] = "getEJBHome"
      String[1] = "getHandle"
      String[2] = "getPrimaryKey"
      String[3] = "isIdentical"
    entityRemoteNoTxAttrMethodSignatures = class java.lang.String[4]
      String[0] = ""
      String[1] = ""
      String[2] = ""
      String[3] = "jakarta.ejb.EJBObject"
    entityLocalNoTxAttrMethods = class java.lang.String[3]
      String[0] = "getEJBHome"
      String[1] = "getPrimaryKey"
      String[2] = "isIdentical"
    entityLocalNoTxAttrMethodSignatures = class java.lang.String[3]
      String[0] = ""
      String[1] = ""
      String[2] = "jakarta.ejb.EJBObject"
    entityRemoteHomeNoTxAttrMethods = class java.lang.String[2]
      String[0] = "getEJBMetaData"
      String[1] = "getHomeHandle"
    entityRemoteHomeNoTxAttrMethodSignatures = class java.lang.String[2]
      String[0] = ""
      String[1] = ""
    entityLocalHomeNoTxAttrMethods = class java.lang.String[1]
      String[0] = ""
    entityLocalHomeNoTxAttrMethodSignatures = class java.lang.String[1]
      String[0] = ""
    sessionLocalHomeNoTxAttrMethods = class java.lang.String[1]
      String[0] = "*"
    sessionLocalHomeNoTxAttrMethodSignatures = class java.lang.String[1]
      String[0] = ""
    sessionRemoteHomeNoTxAttrMethods = class java.lang.String[1]
      String[0] = "*"
    sessionRemoteHomeNoTxAttrMethodSignatures = class java.lang.String[1]
      String[0] = ""
    ivModuleVersion = 30
    enterpriseBeanClassName = "io.openliberty.guides.system.SystemService"
    enterpriseBeanClass = class java.lang.Class@bafe916
      ANNOTATION = "/* Could not access ANNOTATION */"
      ENUM = "/* Could not access ENUM */"
      SYNTHETIC = "/* Could not access SYNTHETIC */"
      cachedConstructor = "/* Could not access cachedConstructor */"
      name = "/* Could not access name */"
      module = "/* Could not access module */"
      packageName = "/* Could not access packageName */"
      componentType = "/* Could not access componentType */"
      allPermDomain = "/* Could not access allPermDomain */"
      reflectionData = "/* Could not access reflectionData */"
      classRedefinedCount = "/* Could not access classRedefinedCount */"
      genericInfo = "/* Could not access genericInfo */"
      EMPTY_CLASS_ARRAY = "/* Could not access EMPTY_CLASS_ARRAY */"
      serialVersionUID = "/* Could not access serialVersionUID */"
      serialPersistentFields = "/* Could not access serialPersistentFields */"
      reflectionFactory = "/* Could not access reflectionFactory */"
      enumConstants = "/* Could not access enumConstants */"
      enumConstantDirectory = "/* Could not access enumConstantDirectory */"
      annotationData = "/* Could not access annotationData */"
      annotationType = "/* Could not access annotationType */"
      classValueMap = "/* Could not access classValueMap */"
    enterpriseBeanAbstractClass = class java.lang.Class@bafe916
    homeBeanClass = class java.lang.Class@6bdeeb9d
      ANNOTATION = "/* Could not access ANNOTATION */"
      ENUM = "/* Could not access ENUM */"
      SYNTHETIC = "/* Could not access SYNTHETIC */"
      cachedConstructor = "/* Could not access cachedConstructor */"
      name = "/* Could not access name */"
      module = "/* Could not access module */"
      packageName = "/* Could not access packageName */"
      componentType = "/* Could not access componentType */"
      allPermDomain = "/* Could not access allPermDomain */"
      reflectionData = "/* Could not access reflectionData */"
      classRedefinedCount = "/* Could not access classRedefinedCount */"
      genericInfo = "/* Could not access genericInfo */"
      EMPTY_CLASS_ARRAY = "/* Could not access EMPTY_CLASS_ARRAY */"
      serialVersionUID = "/* Could not access serialVersionUID */"
      serialPersistentFields = "/* Could not access serialPersistentFields */"
      reflectionFactory = "/* Could not access reflectionFactory */"
      enumConstants = "/* Could not access enumConstants */"
      enumConstantDirectory = "/* Could not access enumConstantDirectory */"
      annotationData = "/* Could not access annotationData */"
      annotationType = "/* Could not access annotationType */"
      classValueMap = "/* Could not access classValueMap */"
    ivEnterpriseBeanFactory = class com.ibm.ws.cdi.impl.managedobject.CDIEJBManagedObjectFactoryImpl@54383d2c
      tc = class com.ibm.websphere.ras.TraceComponent@f9adcaa
      ejbName = "SystemService"
      defaultEJBManagedObjectFactory = class com.ibm.ws.managedobject.internal.ManagedObjectFactoryImpl@4e88ade2
      ejbDescriptor = class org.jboss.weld.module.ejb.InternalEjbDescriptor@23f1f91f
      ejbBean = class org.jboss.weld.module.ejb.SessionBeanImpl@62afd918
      ejbBDA = class com.ibm.ws.cdi.impl.weld.BeanDeploymentArchiveImpl@14d09778
      ejbBeanManager = class org.jboss.weld.manager.BeanManagerImpl@1fbcdfbd
      ejbBeanLookupComplete = true
      serialVersionUID = 2696588813055436384
      tc = class com.ibm.websphere.ras.TraceComponent@47d49575
      cdiRuntime = class com.ibm.ws.cdi.liberty.CDIRuntimeImpl@3329e454
      managedClass = class java.lang.Class@bafe916
      bean = null
      beanLookupComplete = false
      beanManager = null
      bda = class com.ibm.ws.cdi.impl.weld.BeanDeploymentArchiveImpl@14d09778
      requestManagingInjectionAndInterceptors = false
      referenceContext = null
      injectionServices = null
      serialVersionUID = 2624058130118513066
    ivEnterpriseBeanClassConstructor = null
    managedObjectManagesInjectionAndInterceptors = false
    fullyInitialized = true
    pKeyClass = null
    m_syncToOSThreadValue = false
    ivPersistenceRefNames = null
    ivJpaPuIdSTUnsyncSet = null
    ivExPcPuIds = null
    homeInterfaceClassName = null
    homeInterfaceClass = null
    remoteInterfaceClass = null
    remoteImplClass = null
    remoteTieClass = null
    homeRemoteImplClass = null
    homeRemoteTieClass = null
    localHomeInterfaceClassName = null
    localHomeInterfaceClass = null
    localInterfaceClass = null
    localImplClass = null
    localImplProxyConstructor = null
    homeLocalImplClass = null
    homeLocalImplProxyConstructor = null
    ivHasWebServiceEndpoint = false
    webserviceEndpointInterfaceClass = null
    ivWebServiceEndpointProxyName = null
    ivWebServiceEndpointProxyClass = null
    ivWebServiceEndpointCreated = false
    ivBusinessLocalInterfaceClassNames = null
    ivBusinessLocalInterfaceClasses = class java.lang.Class[1]
      Class[0] = class java.lang.Class@bafe916
    ivBusinessRemoteInterfaceClassNames = null
    ivBusinessRemoteInterfaceClasses = null
    ivBusinessLocalImplClasses = class java.lang.Class[1]
      Class[0] = class java.lang.Class@1069f67b
    ivBusinessLocalImplProxyConstructors = null
    ivBusinessRemoteImplClasses = null
    ivBusinessRemoteTieClasses = null
    ivAggregateLocalImplClass = null
    ivLocalBean = true
    ivLocalBeanWrapperField = class java.lang.reflect.Field@2439e216
    ivMessageEndpointBaseField = null
    ivManagedBeanBeanOField = null
    ivIndirectLocalProxies = false
    cmpResetFields = null
    connFactoryName = null
    envProps = class java.util.Properties@317d6ae0
      serialVersionUID = "/* Could not access serialVersionUID */"
      UNSAFE = "/* Could not access UNSAFE */"
      defaults = "/* Could not access defaults */"
      map = "/* Could not access map */"
      table = "/* Could not access table */"
      count = "/* Could not access count */"
      threshold = "/* Could not access threshold */"
      loadFactor = "/* Could not access loadFactor */"
      modCount = "/* Could not access modCount */"
      serialVersionUID = "/* Could not access serialVersionUID */"
      MAX_ARRAY_SIZE = "/* Could not access MAX_ARRAY_SIZE */"
      keySet = "/* Could not access keySet */"
      entrySet = "/* Could not access entrySet */"
      values = "/* Could not access values */"
      KEYS = "/* Could not access KEYS */"
      VALUES = "/* Could not access VALUES */"
      ENTRIES = "/* Could not access ENTRIES */"
    simpleJndiBindingName = null
    localHomeJndiBindingName = null
    remoteHomeJndiBindingName = null
    ivRemoteHomeJndiName = null
    ivLocalHomeJndiName = null
    businessInterfaceJndiBindingNames = null
    enterpriseBeanName = "SystemService"
    reentrant = false
    passivationCapable = true
    sessionTimeout = 0
    ivSFSBFailover = false
    ivSfFailoverClient = null
    sessionActivateTran = false
    sessionActivateSession = false
    optionACommitOption = false
    optionBCommitOption = false
    optionCCommitOption = false
    ivReadOnlyCommitOption = false
    entitySessionalTranOption = false
    optimisticConcurrencyControl = false
    CACHE_RELOAD_NONE = 0
    CACHE_RELOAD_INTERVAL = 1
    CACHE_RELOAD_DAILY = 2
    CACHE_RELOAD_WEEKLY = 3
    ivCacheReloadType = 0
    ivCacheReloadInterval = -1
    activationPolicy = 0
    methodNames = null
    localMethodNames = class java.lang.String[1]
      String[0] = "sendSystemLoad"
    timedMethodNames = class java.lang.String[1]
    wsEndpointMethodNames = null
    lifecycleInterceptorMethodNames = class java.lang.String[4]
      String[0] = "PostConstruct lifecycle interceptor"
      String[1] = "PreDestroy lifecycle interceptor"
      String[2] = "PrePassivate lifecycle interceptor"
      String[3] = "PostActivate lifecycle interceptor"
    methodInfos = null
    localMethodInfos = class com.ibm.ejs.container.EJBMethodInfoImpl[1]
      EJBMethodInfoImpl[0] = class com.ibm.ws.ejbcontainer.osgi.internal.metadata.OSGiEJBMethodMetaDataImpl@16eab28
    timedMethodInfos = class com.ibm.ejs.container.EJBMethodInfoImpl[1]
    wsEndpointMethodInfos = null
    lifecycleInterceptorMethodInfos = class com.ibm.ejs.container.EJBMethodInfoImpl[4]
      EJBMethodInfoImpl[0] = class com.ibm.ws.ejbcontainer.osgi.internal.metadata.OSGiEJBMethodMetaDataImpl@d3c20aa
      EJBMethodInfoImpl[1] = class com.ibm.ws.ejbcontainer.osgi.internal.metadata.OSGiEJBMethodMetaDataImpl@5808ddce
      EJBMethodInfoImpl[2] = class com.ibm.ws.ejbcontainer.osgi.internal.metadata.OSGiEJBMethodMetaDataImpl@1b48d8bc
      EJBMethodInfoImpl[3] = class com.ibm.ws.ejbcontainer.osgi.internal.metadata.OSGiEJBMethodMetaDataImpl@6e7578d2
    isolationAttrs = null
    readOnlyAttrs = null
    homeMethodNames = null
    localHomeMethodNames = null
    homeMethodInfos = null
    localHomeMethodInfos = null
    homeIsolationAttrs = null
    homeReadOnlyAttrs = null
    commitDanglingWork = false
    ivHasInheritance = false
    ivHasAppManagedPersistenceContext = false
    ivHasCMExtendedPersistenceContext = false
    usesBeanManagedTx = false
    usesBeanManagedAS = false
    cmpVersion = 0
    persister = null
    classLoader = class com.ibm.ws.classloading.internal.AppClassLoader@73579f99
      tc = class com.ibm.websphere.ras.TraceComponent@66b8944a
      forbiddenClassNames = class java.util.Collections$UnmodifiableSet@1c5867f1
      FORBIDDEN_PROPERTIES = "forbidden.properties"
      NOTHING_FORBIDDEN_PROPERTY = "io.openliberty.classloading.nothing.forbidden"
      ALLPERMISSIONS = class java.security.AllPermissionCollection@4188d1fe
      PARENT_FIRST_SEARCH_ORDER = class java.util.Collections$UnmodifiableRandomAccessList@47e82f5
      packagesDefined = class java.util.Collections$SetFromMap@7bb58a0
      CLASS_LOADING_TRACE_PREFIX = "com.ibm.ws.class.load."
      DEFAULT_PACKAGE = "default.package"
      perPackageClassLoadingTraceComponents = class java.util.concurrent.ConcurrentHashMap@5803d049
      config = class com.ibm.ws.classloading.internal.ClassLoaderConfigurationImpl@5f03ed96
      privateLibraries = null
      delegateLoaders = class com.ibm.ws.classloading.internal.util.CompositeIterable@2f9ab5a9
      nativeLibraryFiles = class java.util.ArrayList@723996a2
      transformers = class java.util.ArrayList@347e9134
      systemTransformers = class java.util.concurrent.CopyOnWriteArrayList@74d1a570
      apiAccess = class com.ibm.ws.classloading.internal.GatewayClassLoader@38afad3e
      generator = class com.ibm.ws.classloading.internal.ClassGeneratorManager@e1c71be
      protectionDomains = class java.util.concurrent.ConcurrentHashMap@30ae7a59
      serialVersionUID = 7514202117646789900
      disableSharedClassesCache = false
      checkpointPhase = class io.openliberty.checkpoint.spi.CheckpointPhase@64667a13
      tc = class com.ibm.websphere.ras.TraceComponent@75273d6f
      smartClassPath = class com.ibm.ws.classloading.internal.ContainerClassLoader$SmartClassPathImpl@2759b874
      nativeLibraryContainers = class java.util.ArrayList@1a2f0524
      redefiner = class com.ibm.ws.classloading.internal.util.ClassRedefiner@40b7c76d
      jarProtocol = "wsjar:"
      hook = null
      mapCreationQueue = class java.util.concurrent.Executors$FinalizableDelegatedExecutorService@17569b8a
      acf = class com.ibm.ws.kernel.service.util.ServiceCaller@7d261b0c
      serialVersionUID = -2993534007901751623
      parent = class com.ibm.ws.classloading.internal.GatewayClassLoader@38afad3e
      classNameLockStore = class com.ibm.ws.kernel.boot.utils.KeyBasedLockStore@1f4227a9
      serialVersionUID = -3020377578845918238
      $$$tc$$$ = class com.ibm.websphere.ras.TraceComponent@153096be
      pdcache = "/* Could not access pdcache */"
    ivContextClassLoader = class com.ibm.ws.classloading.internal.ThreadContextClassLoader@1bb29811
      tc = class com.ibm.websphere.ras.TraceComponent@3dd0fa9
      bundle = class java.util.concurrent.atomic.AtomicReference@739ab0fd
      key = "WebModule:guide-jms-intro-system#guide-jms-intro-system.war"
      refCount = class java.util.concurrent.atomic.AtomicInteger@3be71f00
      appLoader = class com.ibm.ws.classloading.internal.AppClassLoader@73579f99
      clSvc = class com.ibm.ws.classloading.internal.ClassLoadingServiceImpl@35153767
      serialVersionUID = 7417331337980111787
      tc = class com.ibm.websphere.ras.TraceComponent@7edf2c3e
      followOnClassLoaders = class java.util.ArrayList@41d6ed06
      serialVersionUID = 4255658571728280816
      parent = class com.ibm.ws.classloading.internal.GatewayClassLoader@7a5f29bf
      classNameLockStore = class com.ibm.ws.kernel.boot.utils.KeyBasedLockStore@676db099
      serialVersionUID = -3020377578845918238
      $$$tc$$$ = class com.ibm.websphere.ras.TraceComponent@153096be
      pdcache = "/* Could not access pdcache */"
    minPoolSize = 50
    maxPoolSize = 500
    allowCachedTimerDataForMethods = 0
    ivInitialPoolSize = 0
    ivMaxCreation = 0
    ivMaxCreationTimeout = 300000
    isPreFindFlushEnabled = true
    isCleanEJBStoreEnabled = true
    fbpkReadOnlyOverrideAllBeans = false
    allowCustomFinderSQLForUpdateALLBeans = false
    allowCustomFinderSQLForUpdateThisBean = false
    allowCustomFinderSQLForUpdateMethodLevel = false
    allowWAS390CustomFinderAtBeanLevel = false
    CF_METHOD_NAME_OFFSET = 0
    CF_METHOD_SIG_OFFSET = 1
    isTimedObject = false
    ivTimeoutMethod = null
    isLightweight = false
    ivActivationSpecJndiName = null
    ivActivationSpecAuthAlias = null
    ivMessageDestinationJndiName = null
    ivMessageListenerPortName = null
    ivMessagingTypeClassName = null
    ivApplicationVersionId = 50
    ivActivationConfig = null
    ivDeferEJBInitialization = true
    ivCluster = null
    ivBeanInjectionTargets = class com.ibm.wsspi.injectionengine.InjectionTarget[2]
      InjectionTarget[0] = class com.ibm.wsspi.injectionengine.InjectionTargetField@988c6c5
      InjectionTarget[1] = class com.ibm.wsspi.injectionengine.InjectionTargetField@171ea40f
    ivJavaColonCompEnvMap = class java.util.LinkedHashMap@4380f15b
      serialVersionUID = "/* Could not access serialVersionUID */"
      head = "/* Could not access head */"
      tail = "/* Could not access tail */"
      accessOrder = "/* Could not access accessOrder */"
      serialVersionUID = "/* Could not access serialVersionUID */"
      DEFAULT_INITIAL_CAPACITY = "/* Could not access DEFAULT_INITIAL_CAPACITY */"
      MAXIMUM_CAPACITY = "/* Could not access MAXIMUM_CAPACITY */"
      DEFAULT_LOAD_FACTOR = "/* Could not access DEFAULT_LOAD_FACTOR */"
      TREEIFY_THRESHOLD = "/* Could not access TREEIFY_THRESHOLD */"
      UNTREEIFY_THRESHOLD = "/* Could not access UNTREEIFY_THRESHOLD */"
      MIN_TREEIFY_CAPACITY = "/* Could not access MIN_TREEIFY_CAPACITY */"
      table = "/* Could not access table */"
      entrySet = "/* Could not access entrySet */"
      size = "/* Could not access size */"
      modCount = "/* Could not access modCount */"
      threshold = "/* Could not access threshold */"
      loadFactor = "/* Could not access loadFactor */"
      keySet = "/* Could not access keySet */"
      values = "/* Could not access values */"
    wccm = null
    ivComponent_Id = null
    removeTxAttr = 0
    container = class com.ibm.ejs.container.EJSContainer@51ab1a7d
    homeRecord = class com.ibm.ws.ejbcontainer.osgi.internal.HomeRecordImpl@3bdca88e
      systemHomeBindingName = null
      remoteBindingData = null
      serialVersionUID = -7648623497327828699
      $$$tc$$$ = class com.ibm.websphere.ras.TraceComponent@4400f1c9
      beanO = class com.ibm.ejs.container.CMStatelessBeanO@61301783
      homeInternal = class com.ibm.ejs.container.SessionHome@7746728
      bmd = class com.ibm.ws.ejbcontainer.osgi.internal.metadata.OSGiBeanMetaData@2188b80a
      ejbMmd = class com.ibm.ws.ejbcontainer.osgi.internal.metadata.OSGiEJBModuleMetaDataImpl@60b77ccb
      homeOfHomes = class com.ibm.ejs.container.HomeOfHomes@42195ae4
      j2eeName = class com.ibm.ws.container.service.metadata.internal.J2EENameImpl@7dfe9428
      cmpVersion = 0
      connFactoryName = null
      ejbName = "SystemService"
      classLoader = class com.ibm.ws.classloading.internal.AppClassLoader@73579f99
      beanType = 2
      ivRemoteBindingsHelper = null
      ivLocalBindingsHelper = class com.ibm.ejs.container.BindingsHelper@f2ac7d0
      ivJavaGlobalBindings = class java.util.ArrayList@1dbd6f3
      ivJavaAppBindings = class java.util.ArrayList@60b64544
      childBeans = class java.util.Hashtable@6870fdcc
      ivHasInheritance = false
      ivIsChild = false
      ivShortDefaultBindingsEnabled = null
    accessIntentList = null
    isoLevelList = null
    ivCallbackKind = class com.ibm.ws.ejbcontainer.CallbackKind@548cb0e2
      None = class com.ibm.ws.ejbcontainer.CallbackKind@7967364e
      SessionBean = class com.ibm.ws.ejbcontainer.CallbackKind@6d0bd02c
      MessageDrivenBean = class com.ibm.ws.ejbcontainer.CallbackKind@53fd6928
      InvocationContext = class com.ibm.ws.ejbcontainer.CallbackKind@548cb0e2
      $VALUES = class com.ibm.ws.ejbcontainer.CallbackKind[4]
      name = "/* Could not access name */"
      ordinal = "/* Could not access ordinal */"
    ivInterceptorMetaData = class com.ibm.ejs.container.interceptors.InterceptorMetaData@391a7619
      CLASS_NAME = "com.ibm.ejs.container.interceptors.InterceptorMetaData"
      tc = class com.ibm.websphere.ras.TraceComponent@56953303
      ivInterceptorClasses = class java.lang.Class[2]
      ivInterceptorFactories = interface com.ibm.ws.managedobject.ManagedObjectFactory[2]
      ivAroundConstructInterceptors = class com.ibm.ejs.container.interceptors.InterceptorProxy[1]
      ivPrePassivateInterceptors = class com.ibm.ejs.container.interceptors.InterceptorProxy[1]
      ivPreDestroyInterceptors = class com.ibm.ejs.container.interceptors.InterceptorProxy[1]
      ivPostConstructInterceptors = class com.ibm.ejs.container.interceptors.InterceptorProxy[2]
      ivPostActivateInterceptors = class com.ibm.ejs.container.interceptors.InterceptorProxy[1]
      ivBeanLifecycleMethods = class java.lang.reflect.Method[4]
      ivInterceptorInjectionTargets = class [Lcom.ibm.wsspi.injectionengine.InjectionTarget;[2]
    ivInitMethodMap = null
    ivRoleLinkMap = null
    metadataComplete = false
    ivUseCallerIdentity = false
    ivRunAs = null
    ivEjbCreateMethod = null
    ivMetaDataDestroyRequired = true
    supportsFluffOnFind = false
    ivSingletonUsesBeanManagedConcurrency = false
    ivHasAsynchMethod = false
    ivAfterBegin = null
    ivBeforeCompletion = null
    ivAfterCompletion = null
    methodsExposedOnLocalInterface = null
    methodsExposedOnRemoteInterface = null
    methodsExposedOnLocalHomeInterface = null
    methodsExposedOnRemoteHomeInterface = null
    allPublicMethodsOnBean = null
    methodsToMethodInfos = null
    ivReferenceContext = class com.ibm.ws.injectionengine.osgi.internal.OSGiReferenceContextImpl@522bce26
      scopeData = class com.ibm.ws.injectionengine.osgi.internal.OSGiInjectionScopeData@3cc2b8c0
      serialVersionUID = 521511923892134915
      $$$tc$$$ = class com.ibm.websphere.ras.TraceComponent@4d180c45
      CLASS_NAME = "com.ibm.ws.injectionengine.ReferenceContextImpl"
      tc = class com.ibm.websphere.ras.TraceComponent@359f4df6
      ivInjectionEngine = class com.ibm.ws.injectionengine.osgi.internal.OSGiInjectionEngineImpl@56e11c28
      ivProviders = class java.util.ArrayList@2b708995
      ivComponentJavaContext = null
      ivComponentNameSpace = null
      ivJavaColonCompEnvMap = class java.util.LinkedHashMap@4380f15b
      ivEjbContext10 = class java.util.Properties@317d6ae0
      ivResourceRefConfigList = class com.ibm.ws.resource.internal.ResourceRefConfigListImpl@3e1b0647
      isAlreadyProcessed = true
      ivProcessFailure = null
      ivInjectionTargetMap = class java.util.concurrent.ConcurrentHashMap@78de313f
      svInjTarMapCacheSize = 256
      ivDeclaredInjectionTargets = class java.util.HashMap@361b71f5
      ivProcessedInjectionClasses = class java.util.HashSet@68452b42
      svInjClassMapCacheSize = 512
      ivProcessedInjectionBindings = class java.util.ArrayList@47563bfe
      ivAnyProcessDynamic = false
      ivCheckAppConfig = false
    ivPassivatorFields = null
    ivIsNoMethodInterfaceMDB = false
    tc = class com.ibm.websphere.ras.TraceComponent@7a13d93d
      strings[0] = "TraceComponent[com.ibm.ws.runtime.metadata.MetaDataImpl,class com.ibm.ws.runtime.metadata.MetaDataImpl,[Runtime],null,null]"
    NUM_STATIC_SLOTS = 4
    ID_UNINITIALIZED = -1
    id = 8
    metaDataInterface = class java.lang.Class@43c29d99
      ANNOTATION = "/* Could not access ANNOTATION */"
      ENUM = "/* Could not access ENUM */"
      SYNTHETIC = "/* Could not access SYNTHETIC */"
      cachedConstructor = "/* Could not access cachedConstructor */"
      name = "/* Could not access name */"
      module = "/* Could not access module */"
      packageName = "/* Could not access packageName */"
      componentType = "/* Could not access componentType */"
      allPermDomain = "/* Could not access allPermDomain */"
      reflectionData = "/* Could not access reflectionData */"
      classRedefinedCount = "/* Could not access classRedefinedCount */"
      genericInfo = "/* Could not access genericInfo */"
      EMPTY_CLASS_ARRAY = "/* Could not access EMPTY_CLASS_ARRAY */"
      serialVersionUID = "/* Could not access serialVersionUID */"
      serialPersistentFields = "/* Could not access serialPersistentFields */"
      reflectionFactory = "/* Could not access reflectionFactory */"
      enumConstants = "/* Could not access enumConstants */"
      enumConstantDirectory = "/* Could not access enumConstantDirectory */"
      annotationData = "/* Could not access annotationData */"
      annotationType = "/* Could not access annotationType */"
      classValueMap = "/* Could not access classValueMap */"
    staticSlots = class java.lang.Object[4]
      Object[0] = null
      Object[1] = null
      Object[2] = null
      Object[3] = null
    dynamicSlots = null
  methodInfos = class com.ibm.ejs.container.EJBMethodInfoImpl[1]
    EJBMethodInfoImpl[0] = class com.ibm.ws.ejbcontainer.osgi.internal.metadata.OSGiEJBMethodMetaDataImpl@3a41c516
      runAs = null
      useCallerPrincipal = false
      useSystemPrincipal = false
      serialVersionUID = 6211349835382155010
      $$$tc$$$ = class com.ibm.websphere.ras.TraceComponent@52a151be
      tc = class com.ibm.websphere.ras.TraceComponent@3f6d9c12
      methodSignature = "sendSystemLoad:"
      jdiMethodSignature = "()V"
      txAttr = class com.ibm.websphere.csi.TransactionAttribute@313da355
      asAttr = class com.ibm.websphere.csi.ActivitySessionAttribute@6e0e87cf
      ivInterface = class com.ibm.websphere.csi.MethodInterface@3c40732f
      methodName = "sendSystemLoad"
      isHome = false
      isStatefulSessionBean = false
      bmd = class com.ibm.ws.ejbcontainer.osgi.internal.metadata.OSGiBeanMetaData@2188b80a
      isStatelessSessionBean = false
      isSingletonSessionBean = true
      isHomeCreate = false
      isComponentRemove = false
      isolationAttr = 0
      readOnlyAttr = false
      isaCMP11CustomFinderWithForUpdateAI = false
      isaCMP11FBPK = false
      isLocal = false
      setClassLoader = true
      isCMRSetMethod = false
      isLightweight = false
      isLightweightTxCapable = false
      ivJPATaskName = "io.openliberty.guides.system.SystemService.sendSystemLoad"
      ivAroundInterceptors = class com.ibm.ejs.container.interceptors.InterceptorProxy[2]
      ivMethod = class java.lang.reflect.Method@fca41ce
      ivNumberOfMethodParms = 0
      ivBridgeMethod = null
      ivSFSBRemove = false
      ivRetainIfException = false
      ivAccessTimeout = -1
      ivLockType = class jakarta.ejb.LockType@15e09f07
      ivAsynchMethod = false
      ivDeclaredExceptions = null
      ivDeclaredExceptionsComp = null
      ivDenyAll = false
      ivPermitAll = false
      ivRolesAllowed = null
      tc = class com.ibm.websphere.ras.TraceComponent@7a13d93d
      NUM_STATIC_SLOTS = 4
      ID_UNINITIALIZED = -1
      id = -1
      metaDataInterface = class java.lang.Class@6c43dadc
      staticSlots = class java.lang.Object[4]
      dynamicSlots = null
  isolationAttrs = null
  methodNames = class java.lang.String[1]
    String[0] = "sendSystemLoad"
  wrapperManager = class com.ibm.ejs.container.WrapperManager@5619b301
    tc = class com.ibm.websphere.ras.TraceComponent@4dfba484
      strings[0] = "TraceComponent[com.ibm.ejs.container.WrapperManager,class com.ibm.ejs.container.WrapperManager,[EJBContainer],com.ibm.ejs.container.container,null]"
    CLASS_NAME = "com.ibm.ejs.container.WrapperManager"
    wrapperCache = class com.ibm.ejs.util.cache.Cache@2eefb9d7
      faultStrategy = class com.ibm.ejs.container.WrapperManager@5619b301
      evictionStrategy = class com.ibm.ejs.util.cache.SweepLruEvictionStrategy@e0b6d5e
      discardStrategy = class com.ibm.ejs.container.WrapperManager@5619b301
      ivEvictionLocks = null
      ivName = "Wrapper Cache"
      wrappers = true
      buckets = interface com.ibm.ejs.util.cache.Bucket[4111]
      bucketLock = class com.ibm.ejs.util.cache.Cache$BucketLock@6d930b6c
      numBuckets = 4111
      numObjects = 0
      numEvictionAttempts = 0
      numEvictions = 0
      numSweeps = 0
      dumped = false
      tc = class com.ibm.websphere.ras.TraceComponent@30c489f3
      CLASS_NAME = "com.ibm.ejs.util.cache.Cache"
    container = class com.ibm.ejs.container.EJSContainer@51ab1a7d
    beanIdCache = class com.ibm.ejs.container.BeanIdCache@7e88d51d
      ivBuckets = class com.ibm.ejs.container.BeanId[8231]
      ivCacheFinds = 0
      ivCacheHits = 0
      tc = class com.ibm.websphere.ras.TraceComponent@5bb9a1fa
  ivPmiBean = null
  ivCommon = null
  isManagedWrapper = false
  ivInterface = class com.ibm.ejs.container.WrapperInterface@32350920
    REMOTE = class com.ibm.ejs.container.WrapperInterface@23120da4
      REMOTE = class com.ibm.ejs.container.WrapperInterface@23120da4
      HOME = class com.ibm.ejs.container.WrapperInterface@1228b284
      LOCAL = class com.ibm.ejs.container.WrapperInterface@7868b466
      LOCAL_HOME = class com.ibm.ejs.container.WrapperInterface@2771ef31
      SERVICE_ENDPOINT = class com.ibm.ejs.container.WrapperInterface@143db956
      MESSAGE_LISTENER = class com.ibm.ejs.container.WrapperInterface@435695c7
      TIMED_OBJECT = class com.ibm.ejs.container.WrapperInterface@32350920
      BUSINESS_LOCAL = class com.ibm.ejs.container.WrapperInterface@7ea0c24f
      BUSINESS_REMOTE = class com.ibm.ejs.container.WrapperInterface@5600b2cd
      BUSINESS_RMI_REMOTE = class com.ibm.ejs.container.WrapperInterface@2f0e4652
      LIFECYCLE_INTERCEPTOR = class com.ibm.ejs.container.WrapperInterface@588106d9
      ivExceptionStrategy = class com.ibm.ejs.container.RemoteExceptionMappingStrategy@78c3019d
      ivORB = true
      $VALUES = class com.ibm.ejs.container.WrapperInterface[11]
      name = "/* Could not access name */"
      ordinal = "/* Could not access ordinal */"
    HOME = class com.ibm.ejs.container.WrapperInterface@1228b284
      REMOTE = class com.ibm.ejs.container.WrapperInterface@23120da4
      HOME = class com.ibm.ejs.container.WrapperInterface@1228b284
      LOCAL = class com.ibm.ejs.container.WrapperInterface@7868b466
      LOCAL_HOME = class com.ibm.ejs.container.WrapperInterface@2771ef31
      SERVICE_ENDPOINT = class com.ibm.ejs.container.WrapperInterface@143db956
      MESSAGE_LISTENER = class com.ibm.ejs.container.WrapperInterface@435695c7
      TIMED_OBJECT = class com.ibm.ejs.container.WrapperInterface@32350920
      BUSINESS_LOCAL = class com.ibm.ejs.container.WrapperInterface@7ea0c24f
      BUSINESS_REMOTE = class com.ibm.ejs.container.WrapperInterface@5600b2cd
      BUSINESS_RMI_REMOTE = class com.ibm.ejs.container.WrapperInterface@2f0e4652
      LIFECYCLE_INTERCEPTOR = class com.ibm.ejs.container.WrapperInterface@588106d9
      ivExceptionStrategy = class com.ibm.ejs.container.RemoteExceptionMappingStrategy@78c3019d
      ivORB = true
      $VALUES = class com.ibm.ejs.container.WrapperInterface[11]
      name = "/* Could not access name */"
      ordinal = "/* Could not access ordinal */"
    LOCAL = class com.ibm.ejs.container.WrapperInterface@7868b466
      REMOTE = class com.ibm.ejs.container.WrapperInterface@23120da4
      HOME = class com.ibm.ejs.container.WrapperInterface@1228b284
      LOCAL = class com.ibm.ejs.container.WrapperInterface@7868b466
      LOCAL_HOME = class com.ibm.ejs.container.WrapperInterface@2771ef31
      SERVICE_ENDPOINT = class com.ibm.ejs.container.WrapperInterface@143db956
      MESSAGE_LISTENER = class com.ibm.ejs.container.WrapperInterface@435695c7
      TIMED_OBJECT = class com.ibm.ejs.container.WrapperInterface@32350920
      BUSINESS_LOCAL = class com.ibm.ejs.container.WrapperInterface@7ea0c24f
      BUSINESS_REMOTE = class com.ibm.ejs.container.WrapperInterface@5600b2cd
      BUSINESS_RMI_REMOTE = class com.ibm.ejs.container.WrapperInterface@2f0e4652
      LIFECYCLE_INTERCEPTOR = class com.ibm.ejs.container.WrapperInterface@588106d9
      ivExceptionStrategy = class com.ibm.ejs.container.LocalExceptionMappingStrategy@20cb153c
      ivORB = false
      $VALUES = class com.ibm.ejs.container.WrapperInterface[11]
      name = "/* Could not access name */"
      ordinal = "/* Could not access ordinal */"
    LOCAL_HOME = class com.ibm.ejs.container.WrapperInterface@2771ef31
      REMOTE = class com.ibm.ejs.container.WrapperInterface@23120da4
      HOME = class com.ibm.ejs.container.WrapperInterface@1228b284
      LOCAL = class com.ibm.ejs.container.WrapperInterface@7868b466
      LOCAL_HOME = class com.ibm.ejs.container.WrapperInterface@2771ef31
      SERVICE_ENDPOINT = class com.ibm.ejs.container.WrapperInterface@143db956
      MESSAGE_LISTENER = class com.ibm.ejs.container.WrapperInterface@435695c7
      TIMED_OBJECT = class com.ibm.ejs.container.WrapperInterface@32350920
      BUSINESS_LOCAL = class com.ibm.ejs.container.WrapperInterface@7ea0c24f
      BUSINESS_REMOTE = class com.ibm.ejs.container.WrapperInterface@5600b2cd
      BUSINESS_RMI_REMOTE = class com.ibm.ejs.container.WrapperInterface@2f0e4652
      LIFECYCLE_INTERCEPTOR = class com.ibm.ejs.container.WrapperInterface@588106d9
      ivExceptionStrategy = class com.ibm.ejs.container.LocalExceptionMappingStrategy@20cb153c
      ivORB = false
      $VALUES = class com.ibm.ejs.container.WrapperInterface[11]
      name = "/* Could not access name */"
      ordinal = "/* Could not access ordinal */"
    SERVICE_ENDPOINT = class com.ibm.ejs.container.WrapperInterface@143db956
      REMOTE = class com.ibm.ejs.container.WrapperInterface@23120da4
      HOME = class com.ibm.ejs.container.WrapperInterface@1228b284
      LOCAL = class com.ibm.ejs.container.WrapperInterface@7868b466
      LOCAL_HOME = class com.ibm.ejs.container.WrapperInterface@2771ef31
      SERVICE_ENDPOINT = class com.ibm.ejs.container.WrapperInterface@143db956
      MESSAGE_LISTENER = class com.ibm.ejs.container.WrapperInterface@435695c7
      TIMED_OBJECT = class com.ibm.ejs.container.WrapperInterface@32350920
      BUSINESS_LOCAL = class com.ibm.ejs.container.WrapperInterface@7ea0c24f
      BUSINESS_REMOTE = class com.ibm.ejs.container.WrapperInterface@5600b2cd
      BUSINESS_RMI_REMOTE = class com.ibm.ejs.container.WrapperInterface@2f0e4652
      LIFECYCLE_INTERCEPTOR = class com.ibm.ejs.container.WrapperInterface@588106d9
      ivExceptionStrategy = class com.ibm.ejs.container.RemoteExceptionMappingStrategy@78c3019d
      ivORB = false
      $VALUES = class com.ibm.ejs.container.WrapperInterface[11]
      name = "/* Could not access name */"
      ordinal = "/* Could not access ordinal */"
    MESSAGE_LISTENER = class com.ibm.ejs.container.WrapperInterface@435695c7
      REMOTE = class com.ibm.ejs.container.WrapperInterface@23120da4
      HOME = class com.ibm.ejs.container.WrapperInterface@1228b284
      LOCAL = class com.ibm.ejs.container.WrapperInterface@7868b466
      LOCAL_HOME = class com.ibm.ejs.container.WrapperInterface@2771ef31
      SERVICE_ENDPOINT = class com.ibm.ejs.container.WrapperInterface@143db956
      MESSAGE_LISTENER = class com.ibm.ejs.container.WrapperInterface@435695c7
      TIMED_OBJECT = class com.ibm.ejs.container.WrapperInterface@32350920
      BUSINESS_LOCAL = class com.ibm.ejs.container.WrapperInterface@7ea0c24f
      BUSINESS_REMOTE = class com.ibm.ejs.container.WrapperInterface@5600b2cd
      BUSINESS_RMI_REMOTE = class com.ibm.ejs.container.WrapperInterface@2f0e4652
      LIFECYCLE_INTERCEPTOR = class com.ibm.ejs.container.WrapperInterface@588106d9
      ivExceptionStrategy = class com.ibm.ejs.container.LocalExceptionMappingStrategy@20cb153c
      ivORB = false
      $VALUES = class com.ibm.ejs.container.WrapperInterface[11]
      name = "/* Could not access name */"
      ordinal = "/* Could not access ordinal */"
    TIMED_OBJECT = class com.ibm.ejs.container.WrapperInterface@32350920
    BUSINESS_LOCAL = class com.ibm.ejs.container.WrapperInterface@7ea0c24f
      REMOTE = class com.ibm.ejs.container.WrapperInterface@23120da4
      HOME = class com.ibm.ejs.container.WrapperInterface@1228b284
      LOCAL = class com.ibm.ejs.container.WrapperInterface@7868b466
      LOCAL_HOME = class com.ibm.ejs.container.WrapperInterface@2771ef31
      SERVICE_ENDPOINT = class com.ibm.ejs.container.WrapperInterface@143db956
      MESSAGE_LISTENER = class com.ibm.ejs.container.WrapperInterface@435695c7
      TIMED_OBJECT = class com.ibm.ejs.container.WrapperInterface@32350920
      BUSINESS_LOCAL = class com.ibm.ejs.container.WrapperInterface@7ea0c24f
      BUSINESS_REMOTE = class com.ibm.ejs.container.WrapperInterface@5600b2cd
      BUSINESS_RMI_REMOTE = class com.ibm.ejs.container.WrapperInterface@2f0e4652
      LIFECYCLE_INTERCEPTOR = class com.ibm.ejs.container.WrapperInterface@588106d9
      ivExceptionStrategy = class com.ibm.ejs.container.BusinessExceptionMappingStrategy@2a02cc6
      ivORB = false
      $VALUES = class com.ibm.ejs.container.WrapperInterface[11]
      name = "/* Could not access name */"
      ordinal = "/* Could not access ordinal */"
    BUSINESS_REMOTE = class com.ibm.ejs.container.WrapperInterface@5600b2cd
      REMOTE = class com.ibm.ejs.container.WrapperInterface@23120da4
      HOME = class com.ibm.ejs.container.WrapperInterface@1228b284
      LOCAL = class com.ibm.ejs.container.WrapperInterface@7868b466
      LOCAL_HOME = class com.ibm.ejs.container.WrapperInterface@2771ef31
      SERVICE_ENDPOINT = class com.ibm.ejs.container.WrapperInterface@143db956
      MESSAGE_LISTENER = class com.ibm.ejs.container.WrapperInterface@435695c7
      TIMED_OBJECT = class com.ibm.ejs.container.WrapperInterface@32350920
      BUSINESS_LOCAL = class com.ibm.ejs.container.WrapperInterface@7ea0c24f
      BUSINESS_REMOTE = class com.ibm.ejs.container.WrapperInterface@5600b2cd
      BUSINESS_RMI_REMOTE = class com.ibm.ejs.container.WrapperInterface@2f0e4652
      LIFECYCLE_INTERCEPTOR = class com.ibm.ejs.container.WrapperInterface@588106d9
      ivExceptionStrategy = class com.ibm.ejs.container.BusinessExceptionMappingStrategy@2a02cc6
      ivORB = false
      $VALUES = class com.ibm.ejs.container.WrapperInterface[11]
      name = "/* Could not access name */"
      ordinal = "/* Could not access ordinal */"
    BUSINESS_RMI_REMOTE = class com.ibm.ejs.container.WrapperInterface@2f0e4652
      REMOTE = class com.ibm.ejs.container.WrapperInterface@23120da4
      HOME = class com.ibm.ejs.container.WrapperInterface@1228b284
      LOCAL = class com.ibm.ejs.container.WrapperInterface@7868b466
      LOCAL_HOME = class com.ibm.ejs.container.WrapperInterface@2771ef31
      SERVICE_ENDPOINT = class com.ibm.ejs.container.WrapperInterface@143db956
      MESSAGE_LISTENER = class com.ibm.ejs.container.WrapperInterface@435695c7
      TIMED_OBJECT = class com.ibm.ejs.container.WrapperInterface@32350920
      BUSINESS_LOCAL = class com.ibm.ejs.container.WrapperInterface@7ea0c24f
      BUSINESS_REMOTE = class com.ibm.ejs.container.WrapperInterface@5600b2cd
      BUSINESS_RMI_REMOTE = class com.ibm.ejs.container.WrapperInterface@2f0e4652
      LIFECYCLE_INTERCEPTOR = class com.ibm.ejs.container.WrapperInterface@588106d9
      ivExceptionStrategy = class com.ibm.ejs.container.RemoteExceptionMappingStrategy@78c3019d
      ivORB = true
      $VALUES = class com.ibm.ejs.container.WrapperInterface[11]
      name = "/* Could not access name */"
      ordinal = "/* Could not access ordinal */"
    LIFECYCLE_INTERCEPTOR = class com.ibm.ejs.container.WrapperInterface@588106d9
      REMOTE = class com.ibm.ejs.container.WrapperInterface@23120da4
      HOME = class com.ibm.ejs.container.WrapperInterface@1228b284
      LOCAL = class com.ibm.ejs.container.WrapperInterface@7868b466
      LOCAL_HOME = class com.ibm.ejs.container.WrapperInterface@2771ef31
      SERVICE_ENDPOINT = class com.ibm.ejs.container.WrapperInterface@143db956
      MESSAGE_LISTENER = class com.ibm.ejs.container.WrapperInterface@435695c7
      TIMED_OBJECT = class com.ibm.ejs.container.WrapperInterface@32350920
      BUSINESS_LOCAL = class com.ibm.ejs.container.WrapperInterface@7ea0c24f
      BUSINESS_REMOTE = class com.ibm.ejs.container.WrapperInterface@5600b2cd
      BUSINESS_RMI_REMOTE = class com.ibm.ejs.container.WrapperInterface@2f0e4652
      LIFECYCLE_INTERCEPTOR = class com.ibm.ejs.container.WrapperInterface@588106d9
      ivExceptionStrategy = class com.ibm.ejs.container.BusinessExceptionMappingStrategy@2a02cc6
      ivORB = false
      $VALUES = class com.ibm.ejs.container.WrapperInterface[11]
      name = "/* Could not access name */"
      ordinal = "/* Could not access ordinal */"
    ivExceptionStrategy = class com.ibm.ejs.container.LocalExceptionMappingStrategy@20cb153c
      CLASS_NAME = "com.ibm.ejs.container.LocalExceptionMappingStrategy"
      tc = class com.ibm.websphere.ras.TraceComponent@39ce49fe
      INSTANCE = class com.ibm.ejs.container.LocalExceptionMappingStrategy@20cb153c
      tc = class com.ibm.websphere.ras.TraceComponent@6916886a
    ivORB = false
    $VALUES = class com.ibm.ejs.container.WrapperInterface[11]
      WrapperInterface[0] = class com.ibm.ejs.container.WrapperInterface@23120da4
      WrapperInterface[1] = class com.ibm.ejs.container.WrapperInterface@1228b284
      WrapperInterface[2] = class com.ibm.ejs.container.WrapperInterface@7868b466
      WrapperInterface[3] = class com.ibm.ejs.container.WrapperInterface@2771ef31
      WrapperInterface[4] = class com.ibm.ejs.container.WrapperInterface@143db956
      WrapperInterface[5] = class com.ibm.ejs.container.WrapperInterface@435695c7
      WrapperInterface[6] = class com.ibm.ejs.container.WrapperInterface@32350920
      WrapperInterface[7] = class com.ibm.ejs.container.WrapperInterface@7ea0c24f
      WrapperInterface[8] = class com.ibm.ejs.container.WrapperInterface@5600b2cd
      WrapperInterface[9] = class com.ibm.ejs.container.WrapperInterface@2f0e4652
      WrapperInterface[10] = class com.ibm.ejs.container.WrapperInterface@588106d9
    name = "/* Could not access name */"
    ordinal = "/* Could not access ordinal */"
  AGGREGATE_LOCAL_INDEX = -2
  AGGREGATE_EYE_CATCHER = "AGGREGATE"
  ivBusinessInterfaceIndex = 0

