********************************************************************************
product = Open Liberty 25.0.0.4 (wlp-1.0.100.cl250420250407-1902)
wlp.install.dir = /opt/prj/guide-jms-intro/finish/system/target/liberty/wlp/
java.home = /Library/Java/JavaVirtualMachines/jdk-17.0.11.jdk/Contents/Home
java.version = 17.0.11
java.runtime = OpenJDK Runtime Environment (17.0.11+9-adhoc.admin.jdk17u)
os = Mac OS X (12.6.1; x86_64) (en_DE)
process = 19830@mbp
Classpath = /opt/prj/guide-jms-intro/finish/system/target/liberty/wlp/bin/tools/ws-server.jar
Java Library path = /Users/tanermetin/Library/Java/Extensions:/Library/Java/Extensions:/Network/Library/Java/Extensions:/System/Library/Java/Extensions:/usr/lib/java:.
********************************************************************************
[28/04/2025, 12:29:28:448 CEST] 00000001 com.ibm.ws.kernel.launch.internal.FrameworkManager           A CWWKE0001I: The server defaultServer has been launched.
[28/04/2025, 12:29:30:421 CEST] 0000001e com.ibm.ws.config.xml.internal.ServerXMLConfiguration        A CWWKG0093A: Processing configuration drop-ins resource: /opt/prj/guide-jms-intro/finish/system/target/liberty/wlp/usr/servers/defaultServer/configDropins/overrides/liberty-plugin-variable-config.xml
[28/04/2025, 12:29:30:907 CEST] 00000001 com.ibm.ws.kernel.launch.internal.FrameworkManager           I CWWKE0002I: The kernel started after 3,74 seconds
[28/04/2025, 12:29:30:932 CEST] 00000027 com.ibm.ws.kernel.feature.internal.FeatureManager            I CWWKF0007I: Feature update started.
[28/04/2025, 12:29:31:628 CEST] 0000001d com.ibm.ws.app.manager.internal.monitor.DropinMonitor        A CWWKZ0058I: Monitoring dropins for applications.
[28/04/2025, 12:29:32:882 CEST] 0000001e org.jboss.weld.Version                                       I WELD-000900: 5.1.1 (SP2)
[28/04/2025, 12:29:34:067 CEST] 0000002b com.ibm.ws.app.manager.AppMessageHelper                      I CWWKZ0018I: Starting application guide-jms-intro-system.
[28/04/2025, 12:29:34:069 CEST] 0000002b bm.ws.app.manager.war.internal.WARDeployedAppInfoFactoryImpl I CWWKZ0134I: The guide-jms-intro-system application is using the loose application definition at the /opt/prj/guide-jms-intro/finish/system/target/liberty/wlp/usr/servers/defaultServer/apps/guide-jms-intro-system.war.xml location.
[28/04/2025, 12:29:34:507 CEST] 0000002d com.ibm.ws.webcontainer.osgi.webapp.WebGroup                 I SRVE0169I: Loading Web Module: health.
[28/04/2025, 12:29:34:519 CEST] 0000002d com.ibm.ws.webcontainer                                      I SRVE0250I: Web Module health has been bound to default_host.
[28/04/2025, 12:29:34:521 CEST] 0000002d com.ibm.ws.http.internal.VirtualHostImpl                     A CWWKT0016I: Web application available (default_host): http://192.168.178.20:9082/health/
[28/04/2025, 12:29:34:567 CEST] 00000028 com.ibm.ws.session.WASSessionCore                            I SESN8501I: The session manager did not find a persistent storage location; HttpSession objects will be stored in the local application server's memory.
[28/04/2025, 12:29:34:601 CEST] 0000002c com.ibm.ws.session.WASSessionCore                            I SESN0176I: A new session context will be created for application key default_host/health
[28/04/2025, 12:29:34:641 CEST] 0000002c com.ibm.ws.util                                              I SESN0172I: The session manager is using the Java default SecureRandom implementation for session ID generation.
[28/04/2025, 12:29:34:721 CEST] 0000002c com.ibm.ws.webcontainer.servlet                              I SRVE0242I: [io.openliberty.microprofile.health.4.0.internal.jakarta] [/health] [HealthCheckReadinessServlet]: Initialization successful.
[28/04/2025, 12:29:34:724 CEST] 0000002c com.ibm.ws.webcontainer.servlet                              I SRVE0242I: [io.openliberty.microprofile.health.4.0.internal.jakarta] [/health] [HealthCheckServlet]: Initialization successful.
[28/04/2025, 12:29:34:726 CEST] 0000002c com.ibm.ws.webcontainer.servlet                              I SRVE0242I: [io.openliberty.microprofile.health.4.0.internal.jakarta] [/health] [HealthCheckStartupServlet]: Initialization successful.
[28/04/2025, 12:29:34:729 CEST] 0000002c com.ibm.ws.webcontainer.servlet                              I SRVE0242I: [io.openliberty.microprofile.health.4.0.internal.jakarta] [/health] [HealthCheckLivenessServlet]: Initialization successful.
[28/04/2025, 12:29:35:039 CEST] 00000028 com.ibm.ws.webcontainer.osgi.mbeans.PluginGenerator          I SRVE9103I: A configuration file for a web server plugin was automatically generated for this server at /opt/prj/guide-jms-intro/finish/system/target/liberty/wlp/usr/servers/defaultServer/logs/state/plugin-cfg.xml.
[28/04/2025, 12:29:36:526 CEST] 0000002b com.ibm.ws.ejbcontainer.osgi.internal.EJBRuntimeImpl         I CNTR4000I: The guide-jms-intro-system.war EJB module in the guide-jms-intro-system application is starting.
[28/04/2025, 12:29:36:534 CEST] 0000002b com.ibm.ws.ejbcontainer.osgi.internal.NameSpaceBinderImpl    I CNTR0167I: The server is binding the io.openliberty.guides.system.SystemService interface of the SystemService enterprise bean in the guide-jms-intro-system.war module of the guide-jms-intro-system application.  The binding location is: ejblocal:guide-jms-intro-system/guide-jms-intro-system.war/SystemService#io.openliberty.guides.system.SystemService
[28/04/2025, 12:29:36:543 CEST] 0000002b com.ibm.ws.ejbcontainer.osgi.internal.NameSpaceBinderImpl    I CNTR0167I: The server is binding the io.openliberty.guides.system.SystemService interface of the SystemService enterprise bean in the guide-jms-intro-system.war module of the guide-jms-intro-system application.  The binding location is: ejblocal:io.openliberty.guides.system.SystemService
[28/04/2025, 12:29:36:545 CEST] 0000002b com.ibm.ws.ejbcontainer.runtime.AbstractEJBRuntime           I CNTR0167I: The server is binding the io.openliberty.guides.system.SystemService interface of the SystemService enterprise bean in the guide-jms-intro-system.war module of the guide-jms-intro-system application.  The binding location is: java:global/guide-jms-intro-system/SystemService!io.openliberty.guides.system.SystemService
[28/04/2025, 12:29:36:558 CEST] 0000002b com.ibm.ws.ejbcontainer.runtime.AbstractEJBRuntime           I CNTR0219I: The server created 0 persistent automatic timer or timers and 1 non-persistent automatic timer or timers for the guide-jms-intro-system.war module.
[28/04/2025, 12:29:36:559 CEST] 0000002b com.ibm.ws.ejbcontainer.osgi.internal.EJBRuntimeImpl         I CNTR4001I: The guide-jms-intro-system.war EJB module in the guide-jms-intro-system application has started successfully.
[28/04/2025, 12:29:36:560 CEST] 0000002b com.ibm.ws.webcontainer.osgi.webapp.WebGroup                 I SRVE0169I: Loading Web Module: guide-jms-intro-system.
[28/04/2025, 12:29:36:561 CEST] 0000002b com.ibm.ws.webcontainer                                      I SRVE0250I: Web Module guide-jms-intro-system has been bound to default_host.
[28/04/2025, 12:29:36:561 CEST] 0000002b com.ibm.ws.http.internal.VirtualHostImpl                     A CWWKT0016I: Web application available (default_host): http://192.168.178.20:9082/
[28/04/2025, 12:29:36:566 CEST] 00000028 com.ibm.ws.session.WASSessionCore                            I SESN0176I: A new session context will be created for application key default_host/
[28/04/2025, 12:29:36:567 CEST] 00000028 com.ibm.ws.util                                              I SESN0172I: The session manager is using the Java default SecureRandom implementation for session ID generation.
[28/04/2025, 12:29:36:602 CEST] 0000002b com.ibm.ws.app.manager.AppMessageHelper                      A CWWKZ0001I: Application guide-jms-intro-system started in 2,534 seconds.
[28/04/2025, 12:29:36:638 CEST] 00000027 com.ibm.ws.tcpchannel.internal.TCPPort                       I CWWKO0219I: TCP Channel defaultHttpEndpoint has been started and is now listening for requests on host *  (IPv6) port 9082.
[28/04/2025, 12:29:36:657 CEST] 00000027 com.ibm.ws.kernel.feature.internal.FeatureManager            A CWWKF0012I: The server installed the following features: [cdi-4.0, connectors-2.1, enterpriseBeansLite-4.0, jndi-1.0, json-1.0, jsonb-3.0, jsonp-2.1, mdb-4.0, messaging-3.1, messagingClient-3.0, mpConfig-3.1, mpHealth-4.0].
[28/04/2025, 12:29:36:658 CEST] 00000027 com.ibm.ws.kernel.feature.internal.FeatureManager            I CWWKF0008I: Feature update completed in 5,752 seconds.
[28/04/2025, 12:29:36:659 CEST] 00000027 com.ibm.ws.kernel.feature.internal.FeatureManager            A CWWKF0011I: The defaultServer server is ready to run a smarter planet. The defaultServer server started in 9,493 seconds.
[28/04/2025, 12:29:36:667 CEST] 0000002c com.ibm.ws.webcontainer.osgi.mbeans.PluginGenerator          I SRVE9103I: A configuration file for a web server plugin was automatically generated for this server at /opt/prj/guide-jms-intro/finish/system/target/liberty/wlp/usr/servers/defaultServer/logs/state/plugin-cfg.xml.
[28/04/2025, 12:29:45:114 CEST] 00000038 com.ibm.ws.recoverylog.spi.RecoveryDirectorImpl              I CWRLS0010I: Performing recovery processing for local WebSphere server (defaultServer).
[28/04/2025, 12:29:45:185 CEST] 00000038 com.ibm.ws.recoverylog.spi.RecoveryDirectorImpl              I CWRLS0012I: All persistent services have been directed to perform recovery processing for this WebSphere server (defaultServer).
[28/04/2025, 12:29:45:185 CEST] 0000003a com.ibm.tx.jta.impl.RecoveryManager                          I WTRN0135I: Transaction service recovering no transactions.
[28/04/2025, 12:29:46:035 CEST] 00000038 com.ibm.ws.logging.internal.impl.IncidentImpl                I FFDC1015I: An FFDC Incident has been created: "com.ibm.websphere.sib.exception.SIResourceException: CWSIT0127E: Unable to contact the specified target messaging engines. See the linked exception for further details. Client connections were attempted to: [localhost:7277:BootstrapBasicMessaging] com.ibm.ws.sib.api.jmsra.impl.JmsJcaManagedConnectionFactoryImpl.createManagedConnection 1" at ffdc_25.04.28_12.29.46.0.log
[28/04/2025, 12:29:46:069 CEST] 00000038 com.ibm.ws.logging.internal.impl.IncidentImpl                I FFDC1015I: An FFDC Incident has been created: "jakarta.resource.ResourceException: CWSJR1028E: An internal error has occurred. The exception com.ibm.websphere.sib.exception.SIResourceException: CWSIT0127E: Unable to contact the specified target messaging engines. See the linked exception for further details. Client connections were attempted to: [localhost:7277:BootstrapBasicMessaging] was received in method createManagedConnection. com.ibm.ejs.j2c.poolmanager.FreePool.createManagedConnectionWithMCWrapper 199" at ffdc_25.04.28_12.29.46.1.log
[28/04/2025, 12:29:46:096 CEST] 00000038 com.ibm.ws.logging.internal.impl.IncidentImpl                I FFDC1015I: An FFDC Incident has been created: "jakarta.resource.spi.ResourceAllocationException: CWSJR1028E: An internal error has occurred. The exception com.ibm.websphere.sib.exception.SIResourceException: CWSIT0127E: Unable to contact the specified target messaging engines. See the linked exception for further details. Client connections were attempted to: [localhost:7277:BootstrapBasicMessaging] was received in method createManagedConnection. com.ibm.ws.sib.api.jmsra.impl.JmsJcaConnectionFactoryImpl.createConnection 1" at ffdc_25.04.28_12.29.46.2.log
[28/04/2025, 12:29:46:109 CEST] 00000038 com.ibm.ws.logging.internal.impl.IncidentImpl                I FFDC1015I: An FFDC Incident has been created: "com.ibm.websphere.sib.exception.SIResourceException: CWSIT0127E: Unable to contact the specified target messaging engines. See the linked exception for further details. Client connections were attempted to: [localhost:7277:BootstrapBasicMessaging] JmsManagedConnectionFactoryImpl.createConnection JmsManagedConnectionFactoryImpl.createConnection#3" at ffdc_25.04.28_12.29.46.3.log
[28/04/2025, 12:29:46:122 CEST] 00000038 com.ibm.ws.logging.internal.impl.IncidentImpl                I FFDC1015I: An FFDC Incident has been created: "jakarta.jms.JMSRuntimeException: CWSIA0241E: An exception was received during the call to the method JmsManagedConnectionFactoryImpl.createConnection: com.ibm.websphere.sib.exception.SIResourceException: CWSIT0127E: Unable to contact the specified target messaging engines. See the linked exception for further details. Client connections were attempted to: [localhost:7277:BootstrapBasicMessaging]. com.ibm.ws.cdi.jms.JMSContextInjected 159" at ffdc_25.04.28_12.29.46.4.log
[28/04/2025, 12:29:46:433 CEST] 00000038 com.ibm.ws.logging.internal.impl.IncidentImpl                I FFDC1015I: An FFDC Incident has been created: "java.lang.RuntimeException: CWSIA0241E: An exception was received during the call to the method JmsManagedConnectionFactoryImpl.createConnection: com.ibm.websphere.sib.exception.SIResourceException: CWSIT0127E: Unable to contact the specified target messaging engines. See the linked exception for further details. Client connections were attempted to: [localhost:7277:BootstrapBasicMessaging]. com.ibm.ejs.container.TimedObjectWrapper.invokeCallback 83" at ffdc_25.04.28_12.29.46.5.log
[28/04/2025, 12:29:46:435 CEST] 00000038 com.ibm.ejs.container.LocalExceptionMappingStrategy          E CNTR0020E: EJB threw an unexpected (non-declared) exception during invocation of method "sendSystemLoad" on bean "BeanId(guide-jms-intro-system#guide-jms-intro-system.war#SystemService, null)". Exception data: java.lang.RuntimeException: CWSIA0241E: An exception was received during the call to the method JmsManagedConnectionFactoryImpl.createConnection: com.ibm.websphere.sib.exception.SIResourceException: CWSIT0127E: Unable to contact the specified target messaging engines. See the linked exception for further details. Client connections were attempted to: [localhost:7277:BootstrapBasicMessaging].
	at com.ibm.ws.cdi.jms.JMSContextInjected.getInternalJMSContext(JMSContextInjected.java:161)
	at com.ibm.ws.cdi.jms.JMSContextInjected.createProducer(JMSContextInjected.java:252)
	at io.openliberty.guides.system.SystemService.sendSystemLoad(SystemService.java:69)
	at jdk.internal.reflect.GeneratedMethodAccessor620.invoke(Unknown Source)
	at java.base/java.lang.reflect.Method.invoke(Method.java:568)
	at com.ibm.ejs.container.EJSContainer.invokeProceed(EJSContainer.java:4888)
	at com.ibm.ejs.container.interceptors.InvocationContextImpl.proceed(InvocationContextImpl.java:594)
	at com.ibm.ws.cdi.ejb.impl.InterceptorChain.proceed(InterceptorChain.java:121)
	at com.ibm.ws.cdi.ejb.impl.EJBCDIInterceptorWrapper.invokeInterceptors(EJBCDIInterceptorWrapper.java:133)
	at com.ibm.ws.cdi.ejb.impl.EJBCDIInterceptorWrapper.aroundTimeout(EJBCDIInterceptorWrapper.java:62)
	at jdk.internal.reflect.GeneratedMethodAccessor619.invoke(Unknown Source)
	at java.base/java.lang.reflect.Method.invoke(Method.java:568)
	at com.ibm.ejs.container.interceptors.InterceptorProxy.invokeInterceptor(InterceptorProxy.java:191)
	at com.ibm.ejs.container.interceptors.InvocationContextImpl.proceed(InvocationContextImpl.java:579)
	at org.jboss.weld.module.ejb.AbstractEJBRequestScopeActivationInterceptor.aroundInvoke(AbstractEJBRequestScopeActivationInterceptor.java:81)
	at com.ibm.ws.cdi.ejb.interceptor.WeldSessionBeanInterceptorWrapper.aroundInvoke(WeldSessionBeanInterceptorWrapper.java:60)
	at jdk.internal.reflect.GeneratedMethodAccessor618.invoke(Unknown Source)
	at java.base/java.lang.reflect.Method.invoke(Method.java:568)
	at com.ibm.ejs.container.interceptors.InterceptorProxy.invokeInterceptor(InterceptorProxy.java:191)
	at com.ibm.ejs.container.interceptors.InvocationContextImpl.proceed(InvocationContextImpl.java:579)
	at com.ibm.ejs.container.interceptors.InvocationContextImpl.doAroundInterceptor(InvocationContextImpl.java:300)
	at com.ibm.ejs.container.interceptors.InvocationContextImpl.doAroundInvoke(InvocationContextImpl.java:269)
	at com.ibm.ejs.container.EJSContainer.invoke(EJSContainer.java:4790)
	at com.ibm.ejs.container.TimedObjectWrapper.invokeCallback(TimedObjectWrapper.java:89)
	at com.ibm.ejs.container.TimerNpRunnable.doWork(TimerNpRunnable.java:232)
	at com.ibm.ejs.container.TimerNpRunnable.run(TimerNpRunnable.java:146)
	at com.ibm.ws.context.service.serializable.ContextualRunnable.run(ContextualRunnable.java:81)
	at java.base/java.util.concurrent.Executors$RunnableAdapter.call(Executors.java:539)
	at java.base/java.util.concurrent.FutureTask.run(FutureTask.java:264)
	at com.ibm.ws.threading.internal.ExecutorServiceImpl$RunnableWrapper.run(ExecutorServiceImpl.java:298)
	at java.base/java.util.concurrent.ThreadPoolExecutor.runWorker(ThreadPoolExecutor.java:1136)
	at java.base/java.util.concurrent.ThreadPoolExecutor$Worker.run(ThreadPoolExecutor.java:635)
	at java.base/java.lang.Thread.run(Thread.java:840)
Caused by: jakarta.jms.JMSRuntimeException: CWSIA0241E: An exception was received during the call to the method JmsManagedConnectionFactoryImpl.createConnection: com.ibm.websphere.sib.exception.SIResourceException: CWSIT0127E: Unable to contact the specified target messaging engines. See the linked exception for further details. Client connections were attempted to: [localhost:7277:BootstrapBasicMessaging].
	at jdk.internal.reflect.GeneratedConstructorAccessor1164.newInstance(Unknown Source)
	at java.base/java.lang.reflect.Constructor.newInstanceWithCaller(Constructor.java:499)
	at java.base/java.lang.reflect.Constructor.newInstance(Constructor.java:480)
	at com.ibm.ws.sib.api.jms.impl.JmsErrorUtils.getJMS2Exception(JmsErrorUtils.java:493)
	at com.ibm.ws.sib.api.jms.impl.JmsManagedConnectionFactoryImpl.createContext(JmsManagedConnectionFactoryImpl.java:740)
	at com.ibm.ws.cdi.jms.JMSContextInjected.createJMSContext(JMSContextInjected.java:86)
	at com.ibm.ws.cdi.jms.JMSContextInjected.getInternalJMSContext(JMSContextInjected.java:128)
	... 32 more
Caused by: com.ibm.websphere.sib.exception.SIResourceException: CWSIT0127E: Unable to contact the specified target messaging engines. See the linked exception for further details. Client connections were attempted to: [localhost:7277:BootstrapBasicMessaging]
	at com.ibm.ws.sib.trm.client.TrmSICoreConnectionFactoryImpl.generateException(TrmSICoreConnectionFactoryImpl.java:510)
	at com.ibm.ws.sib.trm.client.TrmSICoreConnectionFactoryImpl.remoteBootstrap(TrmSICoreConnectionFactoryImpl.java:331)
	at com.ibm.ws.sib.trm.client.TrmSICoreConnectionFactoryImpl.createConnection(TrmSICoreConnectionFactoryImpl.java:164)
	at com.ibm.ws.sib.trm.client.TrmSICoreConnectionFactoryImpl.createConnection(TrmSICoreConnectionFactoryImpl.java:109)
	at com.ibm.ws.sib.api.jmsra.impl.JmsJcaManagedConnectionFactoryImpl.createManagedConnection(JmsJcaManagedConnectionFactoryImpl.java:382)
	at com.ibm.ejs.j2c.FreePool.createManagedConnectionWithMCWrapper(FreePool.java:1389)
	at com.ibm.ejs.j2c.FreePool.createOrWaitForConnection(FreePool.java:1263)
	at com.ibm.ejs.j2c.PoolManager.reserve(PoolManager.java:1471)
	at com.ibm.ejs.j2c.ConnectionManager.allocateMCWrapper(ConnectionManager.java:576)
	at com.ibm.ejs.j2c.ConnectionManager.allocateConnection(ConnectionManager.java:308)
	at com.ibm.ws.sib.api.jmsra.impl.JmsJcaConnectionFactoryImpl.createConnection(JmsJcaConnectionFactoryImpl.java:223)
	at com.ibm.ws.sib.api.jms.impl.JmsManagedConnectionFactoryImpl.createConnection(JmsManagedConnectionFactoryImpl.java:110)
	at com.ibm.ws.sib.api.jms.impl.JmsManagedConnectionFactoryImpl.createContext(JmsManagedConnectionFactoryImpl.java:735)
	... 34 more
Caused by: com.ibm.websphere.sib.exception.SIResourceException: CWSIT0131W: Unable to connect to the target messaging engine at localhost:7277:BootstrapBasicMessaging because of the exception: com.ibm.websphere.sib.exception.SIResourceException: CWSIC1001E: A client attempted to connect with a remote messaging engine but the connection cannot be completed. Ensure the messaging engine is started: exception com.ibm.ws.sib.jfapchannel.JFapConnectFailedException: CWSIJ0063E: A network connection to host name localhost/127.0.0.1, port 7.277 cannot be established..
	at com.ibm.ws.sib.trm.client.TrmSICoreConnectionFactoryImpl.contactBootstrapService(TrmSICoreConnectionFactoryImpl.java:448)
	at com.ibm.ws.sib.trm.client.TrmSICoreConnectionFactoryImpl.remoteBootstrap(TrmSICoreConnectionFactoryImpl.java:279)
	... 45 more
Caused by: com.ibm.websphere.sib.exception.SIResourceException: CWSIC1001E: A client attempted to connect with a remote messaging engine but the connection cannot be completed. Ensure the messaging engine is started: exception com.ibm.ws.sib.jfapchannel.JFapConnectFailedException: CWSIJ0063E: A network connection to host name localhost/127.0.0.1, port 7.277 cannot be established..
	at com.ibm.ws.sib.comms.client.ClientSideConnection.connect(ClientSideConnection.java:287)
	at com.ibm.ws.sib.trm.client.TrmSICoreConnectionFactoryImpl.contactBootstrapService(TrmSICoreConnectionFactoryImpl.java:379)
	... 46 more
Caused by: com.ibm.ws.sib.jfapchannel.JFapConnectFailedException: CWSIJ0063E: A network connection to host name localhost/127.0.0.1, port 7.277 cannot be established.
	at com.ibm.ws.sib.jfapchannel.impl.octracker.ConnectionDataGroup.connectOverNetwork(ConnectionDataGroup.java:802)
	at com.ibm.ws.sib.jfapchannel.impl.octracker.ConnectionDataGroup.doConnect(ConnectionDataGroup.java:704)
	at com.ibm.ws.sib.jfapchannel.impl.octracker.ConnectionDataGroup.connect(ConnectionDataGroup.java:632)
	at com.ibm.ws.sib.jfapchannel.impl.octracker.OutboundConnectionTracker.connect(OutboundConnectionTracker.java:598)
	at com.ibm.ws.sib.jfapchannel.impl.ClientConnectionManagerImpl.connect(ClientConnectionManagerImpl.java:97)
	at com.ibm.ws.sib.comms.client.ClientSideConnection.connect(ClientSideConnection.java:165)
	... 47 more
Caused by: java.net.ConnectException: Connection refused
	at java.base/sun.nio.ch.Net.pollConnect(Native Method)
	at java.base/sun.nio.ch.Net.pollConnectNow(Net.java:672)
	at java.base/sun.nio.ch.SocketChannelImpl.finishConnect(SocketChannelImpl.java:946)
	at com.ibm.ws.tcpchannel.internal.WorkQueueManager.attemptConnectWork(WorkQueueManager.java:857)
	at com.ibm.ws.tcpchannel.internal.WorkQueueManager.workerRun(WorkQueueManager.java:1007)
	at com.ibm.ws.tcpchannel.internal.WorkQueueManager$Worker.run(WorkQueueManager.java:1061)
	... 4 more

[28/04/2025, 12:29:46:550 CEST] 00000038 com.ibm.ws.logging.internal.impl.IncidentImpl                I FFDC1015I: An FFDC Incident has been created: "java.lang.RuntimeException: CWSIA0241E: An exception was received during the call to the method JmsManagedConnectionFactoryImpl.createConnection: com.ibm.websphere.sib.exception.SIResourceException: CWSIT0127E: Unable to contact the specified target messaging engines. See the linked exception for further details. Client connections were attempted to: [localhost:7277:BootstrapBasicMessaging]. com.ibm.ejs.container.LocalExceptionMappingStrategy.setUncheckedException 178" at ffdc_25.04.28_12.29.46.6.log
[28/04/2025, 12:29:46:575 CEST] 00000038 com.ibm.ejs.container.LocalExceptionMappingStrategy          E CNTR0020E: EJB threw an unexpected (non-declared) exception during invocation of method "sendSystemLoad" on bean "BeanId(guide-jms-intro-system#guide-jms-intro-system.war#SystemService, null)". Exception data: java.lang.RuntimeException: CWSIA0241E: An exception was received during the call to the method JmsManagedConnectionFactoryImpl.createConnection: com.ibm.websphere.sib.exception.SIResourceException: CWSIT0127E: Unable to contact the specified target messaging engines. See the linked exception for further details. Client connections were attempted to: [localhost:7277:BootstrapBasicMessaging].
	at com.ibm.ws.cdi.jms.JMSContextInjected.getInternalJMSContext(JMSContextInjected.java:161)
	at com.ibm.ws.cdi.jms.JMSContextInjected.createProducer(JMSContextInjected.java:252)
	at io.openliberty.guides.system.SystemService.sendSystemLoad(SystemService.java:69)
	at jdk.internal.reflect.GeneratedMethodAccessor620.invoke(Unknown Source)
	at java.base/java.lang.reflect.Method.invoke(Method.java:568)
	at com.ibm.ejs.container.EJSContainer.invokeProceed(EJSContainer.java:4888)
	at com.ibm.ejs.container.interceptors.InvocationContextImpl.proceed(InvocationContextImpl.java:594)
	at com.ibm.ws.cdi.ejb.impl.InterceptorChain.proceed(InterceptorChain.java:121)
	at com.ibm.ws.cdi.ejb.impl.EJBCDIInterceptorWrapper.invokeInterceptors(EJBCDIInterceptorWrapper.java:133)
	at com.ibm.ws.cdi.ejb.impl.EJBCDIInterceptorWrapper.aroundTimeout(EJBCDIInterceptorWrapper.java:62)
	at jdk.internal.reflect.GeneratedMethodAccessor619.invoke(Unknown Source)
	at java.base/java.lang.reflect.Method.invoke(Method.java:568)
	at com.ibm.ejs.container.interceptors.InterceptorProxy.invokeInterceptor(InterceptorProxy.java:191)
	at com.ibm.ejs.container.interceptors.InvocationContextImpl.proceed(InvocationContextImpl.java:579)
	at org.jboss.weld.module.ejb.AbstractEJBRequestScopeActivationInterceptor.aroundInvoke(AbstractEJBRequestScopeActivationInterceptor.java:81)
	at com.ibm.ws.cdi.ejb.interceptor.WeldSessionBeanInterceptorWrapper.aroundInvoke(WeldSessionBeanInterceptorWrapper.java:60)
	at jdk.internal.reflect.GeneratedMethodAccessor618.invoke(Unknown Source)
	at java.base/java.lang.reflect.Method.invoke(Method.java:568)
	at com.ibm.ejs.container.interceptors.InterceptorProxy.invokeInterceptor(InterceptorProxy.java:191)
	at com.ibm.ejs.container.interceptors.InvocationContextImpl.proceed(InvocationContextImpl.java:579)
	at com.ibm.ejs.container.interceptors.InvocationContextImpl.doAroundInterceptor(InvocationContextImpl.java:300)
	at com.ibm.ejs.container.interceptors.InvocationContextImpl.doAroundInvoke(InvocationContextImpl.java:269)
	at com.ibm.ejs.container.EJSContainer.invoke(EJSContainer.java:4790)
	at com.ibm.ejs.container.TimedObjectWrapper.invokeCallback(TimedObjectWrapper.java:89)
	at com.ibm.ejs.container.TimerNpRunnable.doWork(TimerNpRunnable.java:232)
	at com.ibm.ejs.container.TimerNpRunnable.run(TimerNpRunnable.java:146)
	at com.ibm.ejs.container.TimerNpRunnable.run(TimerNpRunnable.java:185)
	at com.ibm.ws.context.service.serializable.ContextualRunnable.run(ContextualRunnable.java:81)
	at java.base/java.util.concurrent.Executors$RunnableAdapter.call(Executors.java:539)
	at java.base/java.util.concurrent.FutureTask.run(FutureTask.java:264)
	at com.ibm.ws.threading.internal.ExecutorServiceImpl$RunnableWrapper.run(ExecutorServiceImpl.java:298)
	at java.base/java.util.concurrent.ThreadPoolExecutor.runWorker(ThreadPoolExecutor.java:1136)
	at java.base/java.util.concurrent.ThreadPoolExecutor$Worker.run(ThreadPoolExecutor.java:635)
	at java.base/java.lang.Thread.run(Thread.java:840)
Caused by: jakarta.jms.JMSRuntimeException: CWSIA0241E: An exception was received during the call to the method JmsManagedConnectionFactoryImpl.createConnection: com.ibm.websphere.sib.exception.SIResourceException: CWSIT0127E: Unable to contact the specified target messaging engines. See the linked exception for further details. Client connections were attempted to: [localhost:7277:BootstrapBasicMessaging].
	at jdk.internal.reflect.GeneratedConstructorAccessor1164.newInstance(Unknown Source)
	at java.base/java.lang.reflect.Constructor.newInstanceWithCaller(Constructor.java:499)
	at java.base/java.lang.reflect.Constructor.newInstance(Constructor.java:480)
	at com.ibm.ws.sib.api.jms.impl.JmsErrorUtils.getJMS2Exception(JmsErrorUtils.java:493)
	at com.ibm.ws.sib.api.jms.impl.JmsManagedConnectionFactoryImpl.createContext(JmsManagedConnectionFactoryImpl.java:740)
	at com.ibm.ws.cdi.jms.JMSContextInjected.createJMSContext(JMSContextInjected.java:86)
	at com.ibm.ws.cdi.jms.JMSContextInjected.getInternalJMSContext(JMSContextInjected.java:128)
	... 33 more
Caused by: com.ibm.websphere.sib.exception.SIResourceException: CWSIT0127E: Unable to contact the specified target messaging engines. See the linked exception for further details. Client connections were attempted to: [localhost:7277:BootstrapBasicMessaging]
	at com.ibm.ws.sib.trm.client.TrmSICoreConnectionFactoryImpl.generateException(TrmSICoreConnectionFactoryImpl.java:510)
	at com.ibm.ws.sib.trm.client.TrmSICoreConnectionFactoryImpl.remoteBootstrap(TrmSICoreConnectionFactoryImpl.java:331)
	at com.ibm.ws.sib.trm.client.TrmSICoreConnectionFactoryImpl.createConnection(TrmSICoreConnectionFactoryImpl.java:164)
	at com.ibm.ws.sib.trm.client.TrmSICoreConnectionFactoryImpl.createConnection(TrmSICoreConnectionFactoryImpl.java:109)
	at com.ibm.ws.sib.api.jmsra.impl.JmsJcaManagedConnectionFactoryImpl.createManagedConnection(JmsJcaManagedConnectionFactoryImpl.java:382)
	at com.ibm.ejs.j2c.FreePool.createManagedConnectionWithMCWrapper(FreePool.java:1389)
	at com.ibm.ejs.j2c.FreePool.createOrWaitForConnection(FreePool.java:1263)
	at com.ibm.ejs.j2c.PoolManager.reserve(PoolManager.java:1471)
	at com.ibm.ejs.j2c.ConnectionManager.allocateMCWrapper(ConnectionManager.java:576)
	at com.ibm.ejs.j2c.ConnectionManager.allocateConnection(ConnectionManager.java:308)
	at com.ibm.ws.sib.api.jmsra.impl.JmsJcaConnectionFactoryImpl.createConnection(JmsJcaConnectionFactoryImpl.java:223)
	at com.ibm.ws.sib.api.jms.impl.JmsManagedConnectionFactoryImpl.createConnection(JmsManagedConnectionFactoryImpl.java:110)
	at com.ibm.ws.sib.api.jms.impl.JmsManagedConnectionFactoryImpl.createContext(JmsManagedConnectionFactoryImpl.java:735)
	... 35 more
Caused by: com.ibm.websphere.sib.exception.SIResourceException: CWSIT0131W: Unable to connect to the target messaging engine at localhost:7277:BootstrapBasicMessaging because of the exception: com.ibm.websphere.sib.exception.SIResourceException: CWSIC1001E: A client attempted to connect with a remote messaging engine but the connection cannot be completed. Ensure the messaging engine is started: exception com.ibm.ws.sib.jfapchannel.JFapConnectFailedException: CWSIJ0063E: A network connection to host name localhost/127.0.0.1, port 7.277 cannot be established..
	at com.ibm.ws.sib.trm.client.TrmSICoreConnectionFactoryImpl.contactBootstrapService(TrmSICoreConnectionFactoryImpl.java:448)
	at com.ibm.ws.sib.trm.client.TrmSICoreConnectionFactoryImpl.remoteBootstrap(TrmSICoreConnectionFactoryImpl.java:279)
	... 46 more
Caused by: com.ibm.websphere.sib.exception.SIResourceException: CWSIC1001E: A client attempted to connect with a remote messaging engine but the connection cannot be completed. Ensure the messaging engine is started: exception com.ibm.ws.sib.jfapchannel.JFapConnectFailedException: CWSIJ0063E: A network connection to host name localhost/127.0.0.1, port 7.277 cannot be established..
	at com.ibm.ws.sib.comms.client.ClientSideConnection.connect(ClientSideConnection.java:287)
	at com.ibm.ws.sib.trm.client.TrmSICoreConnectionFactoryImpl.contactBootstrapService(TrmSICoreConnectionFactoryImpl.java:379)
	... 47 more
Caused by: com.ibm.ws.sib.jfapchannel.JFapConnectFailedException: CWSIJ0063E: A network connection to host name localhost/127.0.0.1, port 7.277 cannot be established.
	at com.ibm.ws.sib.jfapchannel.impl.octracker.ConnectionDataGroup.connectOverNetwork(ConnectionDataGroup.java:802)
	at com.ibm.ws.sib.jfapchannel.impl.octracker.ConnectionDataGroup.doConnect(ConnectionDataGroup.java:704)
	at com.ibm.ws.sib.jfapchannel.impl.octracker.ConnectionDataGroup.connect(ConnectionDataGroup.java:632)
	at com.ibm.ws.sib.jfapchannel.impl.octracker.OutboundConnectionTracker.connect(OutboundConnectionTracker.java:598)
	at com.ibm.ws.sib.jfapchannel.impl.ClientConnectionManagerImpl.connect(ClientConnectionManagerImpl.java:97)
	at com.ibm.ws.sib.comms.client.ClientSideConnection.connect(ClientSideConnection.java:165)
	... 48 more
Caused by: java.net.ConnectException: Connection refused
	at java.base/sun.nio.ch.Net.pollConnect(Native Method)
	at java.base/sun.nio.ch.Net.pollConnectNow(Net.java:672)
	at java.base/sun.nio.ch.SocketChannelImpl.finishConnect(SocketChannelImpl.java:946)
	at com.ibm.ws.tcpchannel.internal.WorkQueueManager.attemptConnectWork(WorkQueueManager.java:857)
	at com.ibm.ws.tcpchannel.internal.WorkQueueManager.workerRun(WorkQueueManager.java:1007)
	at com.ibm.ws.tcpchannel.internal.WorkQueueManager$Worker.run(WorkQueueManager.java:1061)
	... 4 more

[28/04/2025, 12:30:09:121 CEST] 00000016 com.ibm.ws.kernel.launch.internal.FrameworkManager           A CWWKE0085I: The server defaultServer is stopping because the JVM is exiting.
[28/04/2025, 12:30:09:136 CEST] 00000043 com.ibm.ws.runtime.update.internal.RuntimeUpdateManagerImpl  A CWWKE1100I: Waiting for up to 30 seconds for the server to quiesce.
[28/04/2025, 12:30:09:170 CEST] 00000038 com.ibm.ws.tcpchannel.internal.TCPChannel                    I CWWKO0220I: TCP Channel defaultHttpEndpoint has stopped listening for requests on host *  (IPv6) port 9082.
[28/04/2025, 12:30:09:171 CEST] 00000038 com.ibm.ws.http.internal.VirtualHostImpl                     A CWWKT0017I: Web application removed (default_host): http://192.168.178.20:9082/health/
[28/04/2025, 12:30:09:172 CEST] 00000038 com.ibm.ws.http.internal.VirtualHostImpl                     A CWWKT0017I: Web application removed (default_host): http://192.168.178.20:9082/
[28/04/2025, 12:30:09:767 CEST] 00000017 com.ibm.ws.kernel.launch.internal.ServerCommandListener      A CWWKE0055I: Server shutdown requested on Monday, 28 April 2025 at 12:30. The server defaultServer is shutting down.
[28/04/2025, 12:30:10:238 CEST] 00000043 com.ibm.ws.runtime.update.internal.RuntimeUpdateManagerImpl  I CWWKE1101I: Server quiesce complete.
[28/04/2025, 12:30:10:369 CEST] 00000028 com.ibm.ws.ejbcontainer.osgi.internal.EJBRuntimeImpl         I CNTR4003I: The guide-jms-intro-system.war EJB module in the guide-jms-intro-system application is stopping.
[28/04/2025, 12:30:10:374 CEST] 00000028 com.ibm.ws.ejbcontainer.osgi.internal.EJBRuntimeImpl         I CNTR4004I: The guide-jms-intro-system.war EJB module in the guide-jms-intro-system application has stopped successfully.
[28/04/2025, 12:30:10:402 CEST] 00000028 com.ibm.ws.app.manager.AppMessageHelper                      A CWWKZ0009I: The application guide-jms-intro-system has stopped successfully.
[28/04/2025, 12:30:10:663 CEST] 00000043 com.ibm.tx.jta.impl.FailureScopeController                   A WTRN0105I: The transaction service has shutdown successfully with no transactions requiring recovery.
[28/04/2025, 12:30:13:625 CEST] 00000001 com.ibm.ws.kernel.launch.internal.FrameworkManager           A CWWKE0036I: The server defaultServer stopped after 46,457 seconds.
