********************************************************************************
product = Open Liberty 25.0.0.4 (wlp-1.0.100.cl250420250407-1902)
wlp.install.dir = /opt/prj/guide-jms-intro/finish/inventory/target/liberty/wlp/
java.home = /Library/Java/JavaVirtualMachines/jdk-17.0.11.jdk/Contents/Home
java.version = 17.0.11
java.runtime = OpenJDK Runtime Environment (17.0.11+9-adhoc.admin.jdk17u)
os = Mac OS X (12.6.1; x86_64) (en_DE)
process = 19733@mbp
Classpath = /opt/prj/guide-jms-intro/finish/inventory/target/liberty/wlp/bin/tools/ws-server.jar
Java Library path = /Users/tanermetin/Library/Java/Extensions:/Library/Java/Extensions:/Network/Library/Java/Extensions:/System/Library/Java/Extensions:/usr/lib/java:.
********************************************************************************
[28/04/2025, 12:28:54:397 CEST] 00000001 com.ibm.ws.kernel.launch.internal.FrameworkManager           A CWWKE0001I: The server defaultServer has been launched.
[28/04/2025, 12:28:55:372 CEST] 0000001e com.ibm.ws.config.xml.internal.ServerXMLConfiguration        A CWWKG0093A: Processing configuration drop-ins resource: /opt/prj/guide-jms-intro/finish/inventory/target/liberty/wlp/usr/servers/defaultServer/configDropins/overrides/liberty-plugin-variable-config.xml
[28/04/2025, 12:28:55:712 CEST] 00000001 com.ibm.ws.kernel.launch.internal.FrameworkManager           I CWWKE0002I: The kernel started after 1,915 seconds
[28/04/2025, 12:28:55:734 CEST] 00000027 com.ibm.ws.kernel.feature.internal.FeatureManager            I CWWKF0007I: Feature update started.
[28/04/2025, 12:28:56:204 CEST] 0000001d com.ibm.ws.app.manager.internal.monitor.DropinMonitor        A CWWKZ0058I: Monitoring dropins for applications.
[28/04/2025, 12:28:57:107 CEST] 0000001d org.jboss.weld.Version                                       I WELD-000900: 5.1.1 (SP2)
[28/04/2025, 12:28:58:182 CEST] 0000001c com.ibm.ws.sib.utils.ras.SibMessage                          I  CWSID0108I: JMS server has started.  
[28/04/2025, 12:28:59:099 CEST] 0000002e com.ibm.ws.app.manager.AppMessageHelper                      I CWWKZ0018I: Starting application guide-jms-intro-inventory.
[28/04/2025, 12:28:59:101 CEST] 0000002e bm.ws.app.manager.war.internal.WARDeployedAppInfoFactoryImpl I CWWKZ0134I: The guide-jms-intro-inventory application is using the loose application definition at the /opt/prj/guide-jms-intro/finish/inventory/target/liberty/wlp/usr/servers/defaultServer/apps/guide-jms-intro-inventory.war.xml location.
[28/04/2025, 12:28:59:611 CEST] 0000002d com.ibm.ws.webcontainer.osgi.webapp.WebGroup                 I SRVE0169I: Loading Web Module: health.
[28/04/2025, 12:28:59:615 CEST] 0000002d com.ibm.ws.webcontainer                                      I SRVE0250I: Web Module health has been bound to default_host.
[28/04/2025, 12:28:59:617 CEST] 0000002d com.ibm.ws.http.internal.VirtualHostImpl                     A CWWKT0016I: Web application available (default_host): http://192.168.178.20:9081/health/
[28/04/2025, 12:28:59:683 CEST] 00000029 com.ibm.ws.session.WASSessionCore                            I SESN8501I: The session manager did not find a persistent storage location; HttpSession objects will be stored in the local application server's memory.
[28/04/2025, 12:28:59:736 CEST] 0000002a com.ibm.ws.session.WASSessionCore                            I SESN0176I: A new session context will be created for application key default_host/health
[28/04/2025, 12:28:59:749 CEST] 0000002a com.ibm.ws.util                                              I SESN0172I: The session manager is using the Java default SecureRandom implementation for session ID generation.
[28/04/2025, 12:28:59:916 CEST] 0000002a com.ibm.ws.webcontainer.servlet                              I SRVE0242I: [io.openliberty.microprofile.health.4.0.internal.jakarta] [/health] [HealthCheckReadinessServlet]: Initialization successful.
[28/04/2025, 12:28:59:919 CEST] 0000002a com.ibm.ws.webcontainer.servlet                              I SRVE0242I: [io.openliberty.microprofile.health.4.0.internal.jakarta] [/health] [HealthCheckServlet]: Initialization successful.
[28/04/2025, 12:28:59:921 CEST] 0000002a com.ibm.ws.webcontainer.servlet                              I SRVE0242I: [io.openliberty.microprofile.health.4.0.internal.jakarta] [/health] [HealthCheckStartupServlet]: Initialization successful.
[28/04/2025, 12:28:59:923 CEST] 0000002a com.ibm.ws.webcontainer.servlet                              I SRVE0242I: [io.openliberty.microprofile.health.4.0.internal.jakarta] [/health] [HealthCheckLivenessServlet]: Initialization successful.
[28/04/2025, 12:29:00:230 CEST] 00000029 com.ibm.ws.webcontainer.osgi.mbeans.PluginGenerator          I SRVE9103I: A configuration file for a web server plugin was automatically generated for this server at /opt/prj/guide-jms-intro/finish/inventory/target/liberty/wlp/usr/servers/defaultServer/logs/state/plugin-cfg.xml.
[28/04/2025, 12:29:01:637 CEST] 0000002e com.ibm.ws.ejbcontainer.osgi.internal.EJBRuntimeImpl         I CNTR4000I: The guide-jms-intro-inventory.war EJB module in the guide-jms-intro-inventory application is starting.
[28/04/2025, 12:29:01:768 CEST] 0000002e com.ibm.ws.ejbcontainer.runtime.AbstractEJBRuntime           I CNTR0180I: The InventoryQueueListener message-driven bean in the guide-jms-intro-inventory.war module of the guide-jms-intro-inventory application is bound to the guide-jms-intro-inventory/InventoryQueueListener activation specification.
[28/04/2025, 12:29:01:774 CEST] 0000002e com.ibm.ws.ejbcontainer.osgi.internal.EJBRuntimeImpl         I CNTR4001I: The guide-jms-intro-inventory.war EJB module in the guide-jms-intro-inventory application has started successfully.
[28/04/2025, 12:29:01:775 CEST] 0000002e com.ibm.ws.webcontainer.osgi.webapp.WebGroup                 I SRVE0169I: Loading Web Module: guide-jms-intro-inventory.
[28/04/2025, 12:29:01:781 CEST] 0000002e com.ibm.ws.webcontainer                                      I SRVE0250I: Web Module guide-jms-intro-inventory has been bound to default_host.
[28/04/2025, 12:29:01:781 CEST] 0000002e com.ibm.ws.http.internal.VirtualHostImpl                     A CWWKT0016I: Web application available (default_host): http://192.168.178.20:9081/
[28/04/2025, 12:29:01:787 CEST] 0000002d com.ibm.ws.session.WASSessionCore                            I SESN0176I: A new session context will be created for application key default_host/
[28/04/2025, 12:29:01:788 CEST] 0000002d com.ibm.ws.util                                              I SESN0172I: The session manager is using the Java default SecureRandom implementation for session ID generation.
[28/04/2025, 12:29:01:848 CEST] 0000002d com.ibm.ws.app.manager.AppMessageHelper                      A CWWKZ0001I: Application guide-jms-intro-inventory started in 2,748 seconds.
[28/04/2025, 12:29:01:901 CEST] 0000002e com.ibm.ws.webcontainer.osgi.mbeans.PluginGenerator          I SRVE9103I: A configuration file for a web server plugin was automatically generated for this server at /opt/prj/guide-jms-intro/finish/inventory/target/liberty/wlp/usr/servers/defaultServer/logs/state/plugin-cfg.xml.
[28/04/2025, 12:29:01:915 CEST] 00000027 com.ibm.ws.tcpchannel.internal.TCPPort                       I CWWKO0219I: TCP Channel defaultHttpEndpoint has been started and is now listening for requests on host *  (IPv6) port 9081.
[28/04/2025, 12:29:01:918 CEST] 00000027 com.ibm.ws.tcpchannel.internal.TCPPort                       I CWWKO0219I: TCP Channel InboundJmsCommsEndpoint has been started and is now listening for requests on host *  (IPv6) port 7277.
[28/04/2025, 12:29:02:111 CEST] 00000027 com.ibm.ws.recoverylog.spi.RecoveryDirectorImpl              I CWRLS0010I: Performing recovery processing for local WebSphere server (defaultServer).
[28/04/2025, 12:29:02:183 CEST] 0000004a com.ibm.tx.jta.impl.RecoveryManager                          I WTRN0135I: Transaction service recovering no transactions.
[28/04/2025, 12:29:02:188 CEST] 00000027 com.ibm.ws.recoverylog.spi.RecoveryDirectorImpl              I CWRLS0012I: All persistent services have been directed to perform recovery processing for this WebSphere server (defaultServer).
[28/04/2025, 12:29:02:411 CEST] 00000027 com.ibm.ws.sib.utils.ras.SibMessage                          I  CWSIV0777I: A connection to messaging engine defaultME for destination InventoryQueue on bus defaultBus has been successfully created.
[28/04/2025, 12:29:02:414 CEST] 00000027 com.ibm.ws.sib.utils.ras.SibMessage                          I  CWSIV0556I: Connection to the Messaging Engine was successful. The message-driven bean with activation specification guide-jms-intro-inventory/InventoryQueueListener will now be able to receive the messages from destination InventoryQueue.
[28/04/2025, 12:29:02:416 CEST] 00000027 com.ibm.ws.jca.service.EndpointActivationService             I J2CA8801I: The message endpoint for activation specification guide-jms-intro-inventory/InventoryQueueListener and message driven bean application guide-jms-intro-inventory#guide-jms-intro-inventory.war#InventoryQueueListener is activated.
[28/04/2025, 12:29:02:427 CEST] 00000027 com.ibm.ws.kernel.feature.internal.FeatureManager            A CWWKF0012I: The server installed the following features: [cdi-4.0, connectors-2.1, enterpriseBeansLite-4.0, jndi-1.0, json-1.0, jsonb-3.0, jsonp-2.1, mdb-4.0, messaging-3.1, messagingClient-3.0, messagingServer-3.0, mpConfig-3.1, mpHealth-4.0, restfulWS-3.1, restfulWSClient-3.1].
[28/04/2025, 12:29:02:430 CEST] 00000027 com.ibm.ws.kernel.feature.internal.FeatureManager            I CWWKF0008I: Feature update completed in 6,725 seconds.
[28/04/2025, 12:29:02:431 CEST] 00000027 com.ibm.ws.kernel.feature.internal.FeatureManager            A CWWKF0011I: The defaultServer server is ready to run a smarter planet. The defaultServer server started in 8,636 seconds.
[28/04/2025, 12:29:02:693 CEST] 0000002d org.jboss.resteasy.resteasy_jaxrs.i18n                       I RESTEASY002225: Deploying jakarta.ws.rs.core.Application: class io.openliberty.guides.inventory.InventoryApplication$Proxy$_$$_WeldClientProxy
[28/04/2025, 12:29:02:737 CEST] 0000002d com.ibm.ws.webcontainer.servlet                              I SRVE0242I: [guide-jms-intro-inventory] [/] [io.openliberty.guides.inventory.InventoryApplication]: Initialization successful.
[28/04/2025, 12:29:26:073 CEST] 00000016 com.ibm.ws.kernel.launch.internal.FrameworkManager           A CWWKE0085I: The server defaultServer is stopping because the JVM is exiting.
[28/04/2025, 12:29:26:087 CEST] 0000004f com.ibm.ws.runtime.update.internal.RuntimeUpdateManagerImpl  A CWWKE1100I: Waiting for up to 30 seconds for the server to quiesce.
[28/04/2025, 12:29:26:096 CEST] 0000004c com.ibm.ws.tcpchannel.internal.TCPChannel                    I CWWKO0220I: TCP Channel defaultHttpEndpoint has stopped listening for requests on host *  (IPv6) port 9081.
[28/04/2025, 12:29:26:097 CEST] 0000004c com.ibm.ws.http.internal.VirtualHostImpl                     A CWWKT0017I: Web application removed (default_host): http://192.168.178.20:9081/health/
[28/04/2025, 12:29:26:097 CEST] 0000004c com.ibm.ws.http.internal.VirtualHostImpl                     A CWWKT0017I: Web application removed (default_host): http://192.168.178.20:9081/
[28/04/2025, 12:29:26:100 CEST] 00000029 com.ibm.ws.tcpchannel.internal.TCPChannel                    I CWWKO0220I: TCP Channel InboundJmsCommsEndpoint has stopped listening for requests on host *  (IPv6) port 7277.
[28/04/2025, 12:29:26:101 CEST] 00000027 com.ibm.ws.jca.service.EndpointActivationService             I J2CA8804I: The message endpoint for activation specification guide-jms-intro-inventory/InventoryQueueListener and message driven bean application guide-jms-intro-inventory#guide-jms-intro-inventory.war#InventoryQueueListener is deactivated.
[28/04/2025, 12:29:26:100 CEST] 0000004c .ibm.ws.ejbcontainer.mdb.internal.MessageEndpointFactoryImpl I CNTR4014I: The message endpoint for the InventoryQueueListener message-driven bean has been deactivated and is unavailable to accept messages.
[28/04/2025, 12:29:26:820 CEST] 00000017 com.ibm.ws.kernel.launch.internal.ServerCommandListener      A CWWKE0055I: Server shutdown requested on Monday, 28 April 2025 at 12:29. The server defaultServer is shutting down.
[28/04/2025, 12:29:27:104 CEST] 0000004f com.ibm.ws.runtime.update.internal.RuntimeUpdateManagerImpl  I CWWKE1101I: Server quiesce complete.
[28/04/2025, 12:29:27:163 CEST] 00000028 com.ibm.ws.ejbcontainer.osgi.internal.EJBRuntimeImpl         I CNTR4003I: The guide-jms-intro-inventory.war EJB module in the guide-jms-intro-inventory application is stopping.
[28/04/2025, 12:29:27:171 CEST] 00000028 com.ibm.ws.ejbcontainer.osgi.internal.EJBRuntimeImpl         I CNTR4004I: The guide-jms-intro-inventory.war EJB module in the guide-jms-intro-inventory application has stopped successfully.
[28/04/2025, 12:29:27:236 CEST] 00000028 com.ibm.ws.app.manager.AppMessageHelper                      A CWWKZ0009I: The application guide-jms-intro-inventory has stopped successfully.
[28/04/2025, 12:29:27:881 CEST] 0000004f com.ibm.tx.jta.impl.FailureScopeController                   A WTRN0105I: The transaction service has shutdown successfully with no transactions requiring recovery.
[28/04/2025, 12:29:29:123 CEST] 0000004f com.ibm.ws.sib.utils.ras.SibMessage                          I  CWSIS1589I: The file store has stopped successfully.
[28/04/2025, 12:29:29:330 CEST] 0000004f com.ibm.ws.sib.utils.ras.SibMessage                          I  CWSID0121I: JMS server stopped.  
[28/04/2025, 12:29:32:535 CEST] 00000001 com.ibm.ws.kernel.launch.internal.FrameworkManager           A CWWKE0036I: The server defaultServer stopped after 38,739 seconds.
